<!DOCTYPE html PUBLIC "-//W3C//DTD XHTML 1.1//EN" "http://www.w3.org/TR/xhtml11/DTD/xhtml11.dtd">
<html xmlns="http://www.w3.org/1999/xhtml"><head><title>TestNG Report</title><style type="text/css">table {margin-bottom:10px;border-collapse:collapse;empty-cells:show}th,td {border:1px solid #009;padding:.25em .5em}th {vertical-align:bottom}td {vertical-align:top}table a {font-weight:bold}.stripe td {background-color: #E6EBF9}.num {text-align:right}.passedodd td {background-color: #3F3}.passedeven td {background-color: #0A0}.skippedodd td {background-color: #DDD}.skippedeven td {background-color: #CCC}.failedodd td,.attn {background-color: #F33}.failedeven td,.stripe .attn {background-color: #D00}.stacktrace {white-space:pre;font-family:monospace}.totop {font-size:85%;text-align:center;border-bottom:2px solid #000}</style></head><body><table><tr><th>Test</th><th># Passed</th><th># Skipped</th><th># Failed</th><th>Time (ms)</th><th>Included Groups</th><th>Excluded Groups</th></tr><tr><th colspan="7">Command line suite</th></tr><tr><td><a href="#t0">Command line test</a></td><td class="num">56</td><td class="num">0</td><td class="num attn">73</td><td class="num">653 692</td><td></td><td></td></tr></table><table id='summary'><thead><tr><th>Class</th><th>Method</th><th>Start</th><th>Time (ms)</th></tr></thead><tbody><tr><th colspan="4">Command line suite</th></tr></tbody><tbody id="t0"><tr><th colspan="4">Command line test &#8212; failed</th></tr><tr class="failedeven"><td rowspan="73">Tests.BlogTest</td><td><a href="#m0">TestAboutShare35</a></td><td rowspan="1">1507644129477</td><td rowspan="1">13959</td></tr><tr class="failedeven"><td><a href="#m1">TestAboutShare36</a></td><td rowspan="1">1507644143439</td><td rowspan="1">18492</td></tr><tr class="failedeven"><td><a href="#m2">TestAboutShare37</a></td><td rowspan="1">1507644161943</td><td rowspan="1">18644</td></tr><tr class="failedeven"><td><a href="#m3">TestAboutShare38</a></td><td rowspan="1">1507644180591</td><td rowspan="1">18677</td></tr><tr class="failedeven"><td><a href="#m4">TestAboutShare39</a></td><td rowspan="1">1507644199270</td><td rowspan="1">8242</td></tr><tr class="failedeven"><td><a href="#m5">TestAboutShare4</a></td><td rowspan="1">1507644207512</td><td rowspan="1">3257</td></tr><tr class="failedeven"><td><a href="#m6">TestAboutShare40</a></td><td rowspan="1">1507644210770</td><td rowspan="1">4006</td></tr><tr class="failedeven"><td><a href="#m7">TestAboutShare41</a></td><td rowspan="1">1507644214777</td><td rowspan="1">4239</td></tr><tr class="failedeven"><td><a href="#m8">TestAboutShare42</a></td><td rowspan="1">1507644219016</td><td rowspan="1">4222</td></tr><tr class="failedeven"><td><a href="#m9">TestAboutShare43</a></td><td rowspan="1">1507644223238</td><td rowspan="1">4266</td></tr><tr class="failedeven"><td><a href="#m10">TestAboutShare44</a></td><td rowspan="1">1507644227505</td><td rowspan="1">4261</td></tr><tr class="failedeven"><td><a href="#m11">TestAboutShare45</a></td><td rowspan="1">1507644231767</td><td rowspan="1">4178</td></tr><tr class="failedeven"><td><a href="#m12">TestAboutShare46</a></td><td rowspan="1">1507644235946</td><td rowspan="1">4106</td></tr><tr class="failedeven"><td><a href="#m13">TestAboutShare47</a></td><td rowspan="1">1507644240053</td><td rowspan="1">3578</td></tr><tr class="failedeven"><td><a href="#m14">TestAboutShare48</a></td><td rowspan="1">1507644243631</td><td rowspan="1">4208</td></tr><tr class="failedeven"><td><a href="#m15">TestAboutShare49</a></td><td rowspan="1">1507644247840</td><td rowspan="1">13579</td></tr><tr class="failedeven"><td><a href="#m16">TestAboutShare5</a></td><td rowspan="1">1507644261419</td><td rowspan="1">13247</td></tr><tr class="failedeven"><td><a href="#m17">TestAboutShare50</a></td><td rowspan="1">1507644274670</td><td rowspan="1">26204</td></tr><tr class="failedeven"><td><a href="#m18">TestAboutShare51</a></td><td rowspan="1">1507644300878</td><td rowspan="1">4503</td></tr><tr class="failedeven"><td><a href="#m19">TestAboutShare52</a></td><td rowspan="1">1507644305382</td><td rowspan="1">4213</td></tr><tr class="failedeven"><td><a href="#m20">TestAboutShare53</a></td><td rowspan="1">1507644309596</td><td rowspan="1">3542</td></tr><tr class="failedeven"><td><a href="#m21">TestAboutShare54</a></td><td rowspan="1">1507644313138</td><td rowspan="1">4112</td></tr><tr class="failedeven"><td><a href="#m22">TestAboutShare55</a></td><td rowspan="1">1507644317250</td><td rowspan="1">4255</td></tr><tr class="failedeven"><td><a href="#m23">TestAboutShare56</a></td><td rowspan="1">1507644321505</td><td rowspan="1">4135</td></tr><tr class="failedeven"><td><a href="#m24">TestAboutShare57</a></td><td rowspan="1">1507644325641</td><td rowspan="1">4091</td></tr><tr class="failedeven"><td><a href="#m25">TestAboutShare58</a></td><td rowspan="1">1507644329733</td><td rowspan="1">4091</td></tr><tr class="failedeven"><td><a href="#m26">TestAboutShare59</a></td><td rowspan="1">1507644333825</td><td rowspan="1">4172</td></tr><tr class="failedeven"><td><a href="#m27">TestAboutShare6</a></td><td rowspan="1">1507644337997</td><td rowspan="1">2614</td></tr><tr class="failedeven"><td><a href="#m28">TestAboutShare60</a></td><td rowspan="1">1507644340611</td><td rowspan="1">4104</td></tr><tr class="failedeven"><td><a href="#m29">TestAboutShare61</a></td><td rowspan="1">1507644344715</td><td rowspan="1">4845</td></tr><tr class="failedeven"><td><a href="#m30">TestAboutShare62</a></td><td rowspan="1">1507644349561</td><td rowspan="1">24946</td></tr><tr class="failedeven"><td><a href="#m31">TestAboutShare63</a></td><td rowspan="1">1507644374508</td><td rowspan="1">4294</td></tr><tr class="failedeven"><td><a href="#m32">TestAboutShare64</a></td><td rowspan="1">1507644378802</td><td rowspan="1">3805</td></tr><tr class="failedeven"><td><a href="#m33">TestAboutShare65</a></td><td rowspan="1">1507644382608</td><td rowspan="1">4161</td></tr><tr class="failedeven"><td><a href="#m34">TestAboutShare66</a></td><td rowspan="1">1507644386770</td><td rowspan="1">4215</td></tr><tr class="failedeven"><td><a href="#m35">TestAboutShare67</a></td><td rowspan="1">1507644390986</td><td rowspan="1">4157</td></tr><tr class="failedeven"><td><a href="#m36">TestAboutShare68</a></td><td rowspan="1">1507644395144</td><td rowspan="1">4166</td></tr><tr class="failedeven"><td><a href="#m37">TestAboutShare69</a></td><td rowspan="1">1507644399310</td><td rowspan="1">3802</td></tr><tr class="failedeven"><td><a href="#m38">TestAboutShare7</a></td><td rowspan="1">1507644403113</td><td rowspan="1">4358</td></tr><tr class="failedeven"><td><a href="#m39">TestAboutShare70</a></td><td rowspan="1">1507644407472</td><td rowspan="1">4110</td></tr><tr class="failedeven"><td><a href="#m40">TestAboutShare71</a></td><td rowspan="1">1507644411583</td><td rowspan="1">17944</td></tr><tr class="failedeven"><td><a href="#m41">TestAboutShare72</a></td><td rowspan="1">1507644429527</td><td rowspan="1">4369</td></tr><tr class="failedeven"><td><a href="#m42">TestAboutShare73</a></td><td rowspan="1">1507644433897</td><td rowspan="1">4418</td></tr><tr class="failedeven"><td><a href="#m43">TestAboutShare74</a></td><td rowspan="1">1507644438315</td><td rowspan="1">4260</td></tr><tr class="failedeven"><td><a href="#m44">TestAboutShare75</a></td><td rowspan="1">1507644442576</td><td rowspan="1">4316</td></tr><tr class="failedeven"><td><a href="#m45">TestAboutShare76</a></td><td rowspan="1">1507644446892</td><td rowspan="1">4170</td></tr><tr class="failedeven"><td><a href="#m46">TestAboutShare77</a></td><td rowspan="1">1507644451063</td><td rowspan="1">4128</td></tr><tr class="failedeven"><td><a href="#m47">TestAboutShare78</a></td><td rowspan="1">1507644455191</td><td rowspan="1">4277</td></tr><tr class="failedeven"><td><a href="#m48">TestAboutShare79</a></td><td rowspan="1">1507644459468</td><td rowspan="1">4155</td></tr><tr class="failedeven"><td><a href="#m49">TestAboutShare8</a></td><td rowspan="1">1507644463625</td><td rowspan="1">4070</td></tr><tr class="failedeven"><td><a href="#m50">TestAboutShare80</a></td><td rowspan="1">1507644467696</td><td rowspan="1">4134</td></tr><tr class="failedeven"><td><a href="#m51">TestAboutShare81</a></td><td rowspan="1">1507644471831</td><td rowspan="1">4097</td></tr><tr class="failedeven"><td><a href="#m52">TestAboutShare82</a></td><td rowspan="1">1507644475928</td><td rowspan="1">4029</td></tr><tr class="failedeven"><td><a href="#m53">TestAboutShare83</a></td><td rowspan="1">1507644479957</td><td rowspan="1">4206</td></tr><tr class="failedeven"><td><a href="#m54">TestAboutShare84</a></td><td rowspan="1">1507644484163</td><td rowspan="1">4099</td></tr><tr class="failedeven"><td><a href="#m55">TestAboutShare9</a></td><td rowspan="1">1507644488263</td><td rowspan="1">4155</td></tr><tr class="failedeven"><td><a href="#m56">TestButtonEight</a></td><td rowspan="1">1507644492418</td><td rowspan="1">2620</td></tr><tr class="failedeven"><td><a href="#m57">TestButtonEleven</a></td><td rowspan="1">1507644495038</td><td rowspan="1">3045</td></tr><tr class="failedeven"><td><a href="#m58">TestButtonFive</a></td><td rowspan="1">1507644498084</td><td rowspan="1">2434</td></tr><tr class="failedeven"><td><a href="#m59">TestButtonFour</a></td><td rowspan="1">1507644500519</td><td rowspan="1">2441</td></tr><tr class="failedeven"><td><a href="#m60">TestButtonFourteen</a></td><td rowspan="1">1507644502960</td><td rowspan="1">2548</td></tr><tr class="failedeven"><td><a href="#m61">TestButtonNine</a></td><td rowspan="1">1507644505508</td><td rowspan="1">2398</td></tr><tr class="failedeven"><td><a href="#m62">TestButtonSeven</a></td><td rowspan="1">1507644507907</td><td rowspan="1">2400</td></tr><tr class="failedeven"><td><a href="#m63">TestButtonSix</a></td><td rowspan="1">1507644510307</td><td rowspan="1">2357</td></tr><tr class="failedeven"><td><a href="#m64">TestButtonTen</a></td><td rowspan="1">1507644512665</td><td rowspan="1">2507</td></tr><tr class="failedeven"><td><a href="#m65">TestButtonThirteen</a></td><td rowspan="1">1507644515172</td><td rowspan="1">2366</td></tr><tr class="failedeven"><td><a href="#m66">TestButtonThree</a></td><td rowspan="1">1507644517538</td><td rowspan="1">2453</td></tr><tr class="failedeven"><td><a href="#m67">TestButtonTwelwe</a></td><td rowspan="1">1507644519992</td><td rowspan="1">2938</td></tr><tr class="failedeven"><td><a href="#m68">TestButtonTwo</a></td><td rowspan="1">1507644522931</td><td rowspan="1">2434</td></tr><tr class="failedeven"><td><a href="#m69">TestButtonsbar</a></td><td rowspan="1">1507644525366</td><td rowspan="1">3562</td></tr><tr class="failedeven"><td><a href="#m70">TestCalculator</a></td><td rowspan="1">1507644528929</td><td rowspan="1">2751</td></tr><tr class="failedeven"><td><a href="#m71">TestShareSitebar</a></td><td rowspan="1">1507644531680</td><td rowspan="1">5379</td></tr><tr class="failedeven"><td><a href="#m72">TestSharesHeader</a></td><td rowspan="1">1507644537059</td><td rowspan="1">1603</td></tr><tr><th colspan="4">Command line test &#8212; passed</th></tr><tr class="passedeven"><td rowspan="28">Tests.BlogTest</td><td><a href="#m73">TestAboutShare1</a></td><td rowspan="1">1507643992725</td><td rowspan="1">3448</td></tr><tr class="passedeven"><td><a href="#m74">TestAboutShare10</a></td><td rowspan="1">1507643996173</td><td rowspan="1">4068</td></tr><tr class="passedeven"><td><a href="#m75">TestAboutShare11</a></td><td rowspan="1">1507644000241</td><td rowspan="1">4105</td></tr><tr class="passedeven"><td><a href="#m76">TestAboutShare12</a></td><td rowspan="1">1507644004346</td><td rowspan="1">4223</td></tr><tr class="passedeven"><td><a href="#m77">TestAboutShare13</a></td><td rowspan="1">1507644008570</td><td rowspan="1">4267</td></tr><tr class="passedeven"><td><a href="#m78">TestAboutShare14</a></td><td rowspan="1">1507644012837</td><td rowspan="1">4251</td></tr><tr class="passedeven"><td><a href="#m79">TestAboutShare15</a></td><td rowspan="1">1507644017089</td><td rowspan="1">4159</td></tr><tr class="passedeven"><td><a href="#m80">TestAboutShare16</a></td><td rowspan="1">1507644021248</td><td rowspan="1">4969</td></tr><tr class="passedeven"><td><a href="#m81">TestAboutShare17</a></td><td rowspan="1">1507644026217</td><td rowspan="1">4287</td></tr><tr class="passedeven"><td><a href="#m82">TestAboutShare18</a></td><td rowspan="1">1507644030504</td><td rowspan="1">3992</td></tr><tr class="passedeven"><td><a href="#m83">TestAboutShare19</a></td><td rowspan="1">1507644034496</td><td rowspan="1">4136</td></tr><tr class="passedeven"><td><a href="#m84">TestAboutShare2</a></td><td rowspan="1">1507644038632</td><td rowspan="1">2487</td></tr><tr class="passedeven"><td><a href="#m85">TestAboutShare20</a></td><td rowspan="1">1507644041120</td><td rowspan="1">4046</td></tr><tr class="passedeven"><td><a href="#m86">TestAboutShare21</a></td><td rowspan="1">1507644045167</td><td rowspan="1">4226</td></tr><tr class="passedeven"><td><a href="#m87">TestAboutShare22</a></td><td rowspan="1">1507644049393</td><td rowspan="1">4099</td></tr><tr class="passedeven"><td><a href="#m88">TestAboutShare23</a></td><td rowspan="1">1507644053492</td><td rowspan="1">4093</td></tr><tr class="passedeven"><td><a href="#m89">TestAboutShare24</a></td><td rowspan="1">1507644057585</td><td rowspan="1">4313</td></tr><tr class="passedeven"><td><a href="#m90">TestAboutShare25</a></td><td rowspan="1">1507644061898</td><td rowspan="1">3728</td></tr><tr class="passedeven"><td><a href="#m91">TestAboutShare26</a></td><td rowspan="1">1507644065627</td><td rowspan="1">4125</td></tr><tr class="passedeven"><td><a href="#m92">TestAboutShare27</a></td><td rowspan="1">1507644069752</td><td rowspan="1">4302</td></tr><tr class="passedeven"><td><a href="#m93">TestAboutShare28</a></td><td rowspan="1">1507644074054</td><td rowspan="1">4253</td></tr><tr class="passedeven"><td><a href="#m94">TestAboutShare29</a></td><td rowspan="1">1507644078307</td><td rowspan="1">4345</td></tr><tr class="passedeven"><td><a href="#m95">TestAboutShare3</a></td><td rowspan="1">1507644082652</td><td rowspan="1">2751</td></tr><tr class="passedeven"><td><a href="#m96">TestAboutShare30</a></td><td rowspan="1">1507644085403</td><td rowspan="1">4019</td></tr><tr class="passedeven"><td><a href="#m97">TestAboutShare31</a></td><td rowspan="1">1507644089422</td><td rowspan="1">4309</td></tr><tr class="passedeven"><td><a href="#m98">TestAboutShare32</a></td><td rowspan="1">1507644093731</td><td rowspan="1">9690</td></tr><tr class="passedeven"><td><a href="#m99">TestAboutShare33</a></td><td rowspan="1">1507644103421</td><td rowspan="1">13024</td></tr><tr class="passedeven"><td><a href="#m100">TestAboutShare34</a></td><td rowspan="1">1507644116445</td><td rowspan="1">13031</td></tr><tr class="passedodd"><td rowspan="28">Tests.SharesTest</td><td><a href="#m101">TestAboutShare1</a></td><td rowspan="1">1507644538674</td><td rowspan="1">3422</td></tr><tr class="passedodd"><td><a href="#m102">TestAboutShare10</a></td><td rowspan="1">1507644542096</td><td rowspan="1">3939</td></tr><tr class="passedodd"><td><a href="#m103">TestAboutShare11</a></td><td rowspan="1">1507644546035</td><td rowspan="1">4042</td></tr><tr class="passedodd"><td><a href="#m104">TestAboutShare12</a></td><td rowspan="1">1507644550077</td><td rowspan="1">4226</td></tr><tr class="passedodd"><td><a href="#m105">TestAboutShare13</a></td><td rowspan="1">1507644554303</td><td rowspan="1">3869</td></tr><tr class="passedodd"><td><a href="#m106">TestAboutShare14</a></td><td rowspan="1">1507644558172</td><td rowspan="1">4127</td></tr><tr class="passedodd"><td><a href="#m107">TestAboutShare15</a></td><td rowspan="1">1507644562299</td><td rowspan="1">4349</td></tr><tr class="passedodd"><td><a href="#m108">TestAboutShare16</a></td><td rowspan="1">1507644566648</td><td rowspan="1">4055</td></tr><tr class="passedodd"><td><a href="#m109">TestAboutShare17</a></td><td rowspan="1">1507644570703</td><td rowspan="1">4082</td></tr><tr class="passedodd"><td><a href="#m110">TestAboutShare18</a></td><td rowspan="1">1507644574785</td><td rowspan="1">3939</td></tr><tr class="passedodd"><td><a href="#m111">TestAboutShare19</a></td><td rowspan="1">1507644578724</td><td rowspan="1">4936</td></tr><tr class="passedodd"><td><a href="#m112">TestAboutShare2</a></td><td rowspan="1">1507644583660</td><td rowspan="1">2565</td></tr><tr class="passedodd"><td><a href="#m113">TestAboutShare20</a></td><td rowspan="1">1507644586225</td><td rowspan="1">4209</td></tr><tr class="passedodd"><td><a href="#m114">TestAboutShare21</a></td><td rowspan="1">1507644590434</td><td rowspan="1">3889</td></tr><tr class="passedodd"><td><a href="#m115">TestAboutShare3</a></td><td rowspan="1">1507644594323</td><td rowspan="1">2574</td></tr><tr class="passedodd"><td><a href="#m116">TestAboutShare4</a></td><td rowspan="1">1507644596898</td><td rowspan="1">2655</td></tr><tr class="passedodd"><td><a href="#m117">TestAboutShare5</a></td><td rowspan="1">1507644599553</td><td rowspan="1">2644</td></tr><tr class="passedodd"><td><a href="#m118">TestAboutShare6</a></td><td rowspan="1">1507644602198</td><td rowspan="1">1969</td></tr><tr class="passedodd"><td><a href="#m119">TestAboutShare7</a></td><td rowspan="1">1507644604167</td><td rowspan="1">4173</td></tr><tr class="passedodd"><td><a href="#m120">TestAboutShare8</a></td><td rowspan="1">1507644608340</td><td rowspan="1">4173</td></tr><tr class="passedodd"><td><a href="#m121">TestAboutShare9</a></td><td rowspan="1">1507644612513</td><td rowspan="1">4215</td></tr><tr class="passedodd"><td><a href="#m122">TestButtonFour</a></td><td rowspan="1">1507644616728</td><td rowspan="1">2999</td></tr><tr class="passedodd"><td><a href="#m123">TestButtonThree</a></td><td rowspan="1">1507644619728</td><td rowspan="1">2977</td></tr><tr class="passedodd"><td><a href="#m124">TestButtonsbar</a></td><td rowspan="1">1507644622705</td><td rowspan="1">3078</td></tr><tr class="passedodd"><td><a href="#m125">TestButtontwo</a></td><td rowspan="1">1507644625783</td><td rowspan="1">2940</td></tr><tr class="passedodd"><td><a href="#m126">TestCalculator</a></td><td rowspan="1">1507644628724</td><td rowspan="1">3485</td></tr><tr class="passedodd"><td><a href="#m127">TestShareSitebar</a></td><td rowspan="1">1507644632209</td><td rowspan="1">3323</td></tr><tr class="passedodd"><td><a href="#m128">TestSharesHeader</a></td><td rowspan="1">1507644635532</td><td rowspan="1">1501</td></tr></tbody></table><h2>Command line test</h2><h3 id="m0">Tests.BlogTest#TestAboutShare35</h3><table class="result"><tr><th>Exception</th></tr><tr><td><div class="stacktrace">java.lang.AssertionError: The following asserts failed:
	expected [Ñåìåñòð óíèâåðñèòåòà â Óêðàèíå ñòîèò íåäåøåâî è äàæå åñëè ðå÷ü èäåò î áþäæåòíîé ôîðìå, ðàñõîäîâ íå èçáåæàòü: êàíöåëÿðèÿ, ó÷åáíèêè, àðåíäà æèëüÿ, îïëàòà êóðñîâ è äàæå ïðîåçä äîìîé. Ãäå âçÿòü äåíüãè è ÷òî äåëàòü, åñëè îíè íóæíû óæå ñåãîäíÿ?] but found [Êîãäà íà÷èíàþò çâîíèòü ñîòðóäíèêè êîëëåêòîðñêîé êîìïàíèè, íà÷èíàåøü äóìàòü î òîì, íàñêîëüêî çàêîííû èõ äåéñòâèÿ è ñòîèò ëè èì ïëàòèòü? Èìååò ëè áàíê ïðàâî «ïîäêëþ÷èòü» ê ðàáîòå 3-õ ëèö, åñëè ïðîöåññ âçûñêàíèÿ ñòàíåò ýôôåêòèâíåå?],
	expected [http://dev2.mycredit.com.ua/ru/blog/gde-vzyat-kredit-studentam-na-obuchenie/] but found [http://dev2.mycredit.com.ua/ru/blog/kak-ne-platit-kredit-kollektoram-v-ukraine/]
	at Tests.BlogTest.TestAboutShare35(BlogTest.java:495)
... Removed 36 stack frames</div></td></tr></table><p class="totop"><a href="#summary">back to summary</a></p><h3 id="m1">Tests.BlogTest#TestAboutShare36</h3><table class="result"><tr><th>Exception</th></tr><tr><td><div class="stacktrace">org.openqa.selenium.NoSuchElementException: no such element: Unable to locate element: {&quot;method&quot;:&quot;xpath&quot;,&quot;selector&quot;:&quot;/html/body/div[1]/div[4]/div/div[2]/div/div[2]/div/div[1]/div[2]/p[1]&quot;}
  (Session info: chrome=61.0.3163.100)
  (Driver info: chromedriver=2.33.506120 (e3e53437346286c0bc2d2dc9aa4915ba81d9023f),platform=Windows NT 10.0.15063 x86_64) (WARNING: The server did not provide any stacktrace information)
Command duration or timeout: 7.03 seconds
For documentation on this error, please visit: http://seleniumhq.org/exceptions/no_such_element.html
Build info: version: &apos;2.53.1&apos;, revision: &apos;a36b8b1cd5757287168e54b817830adce9b0158d&apos;, time: &apos;2016-06-30 19:26:09&apos;
System info: host: &apos;DESKTOP-2VD0QVH&apos;, ip: &apos;192.168.1.118&apos;, os.name: &apos;Windows 10&apos;, os.arch: &apos;amd64&apos;, os.version: &apos;10.0&apos;, java.version: &apos;1.8.0_144&apos;
Driver info: org.openqa.selenium.chrome.ChromeDriver
Capabilities [{applicationCacheEnabled=false, rotatable=false, mobileEmulationEnabled=false, networkConnectionEnabled=false, chrome={chromedriverVersion=2.33.506120 (e3e53437346286c0bc2d2dc9aa4915ba81d9023f), userDataDir=C:\Users\user\AppData\Local\Temp\scoped_dir51096_23193}, takesHeapSnapshot=true, pageLoadStrategy=normal, databaseEnabled=false, handlesAlerts=true, hasTouchScreen=false, version=61.0.3163.100, platform=XP, browserConnectionEnabled=false, nativeEvents=true, acceptSslCerts=true, locationContextEnabled=true, webStorageEnabled=true, browserName=chrome, takesScreenshot=true, javascriptEnabled=true, cssSelectorsEnabled=true, setWindowRect=true, unexpectedAlertBehaviour=}]
Session ID: 3fb7fe4d91a211b6eda11b6c4514f329
*** Element info: {Using=xpath, value=/html/body/div[1]/div[4]/div/div[2]/div/div[2]/div/div[1]/div[2]/p[1]}
	at org.openqa.selenium.remote.ErrorHandler.createThrowable(ErrorHandler.java:206)
	at org.openqa.selenium.remote.ErrorHandler.throwIfResponseFailed(ErrorHandler.java:158)
	at org.openqa.selenium.remote.RemoteWebDriver.execute(RemoteWebDriver.java:678)
	at org.openqa.selenium.remote.RemoteWebDriver.findElement(RemoteWebDriver.java:363)
	at org.openqa.selenium.remote.RemoteWebDriver.findElementByXPath(RemoteWebDriver.java:500)
	at org.openqa.selenium.By$ByXPath.findElement(By.java:361)
	at org.openqa.selenium.remote.RemoteWebDriver.findElement(RemoteWebDriver.java:355)
	at Pages.BlogPage.Gettext(BlogPage.java:105)
	at Tests.BlogTest.TestAboutShare36(BlogTest.java:503)
... Removed 39 stack frames</div></td></tr></table><p class="totop"><a href="#summary">back to summary</a></p><h3 id="m2">Tests.BlogTest#TestAboutShare37</h3><table class="result"><tr><th>Exception</th></tr><tr><td><div class="stacktrace">org.openqa.selenium.NoSuchElementException: no such element: Unable to locate element: {&quot;method&quot;:&quot;xpath&quot;,&quot;selector&quot;:&quot;/html/body/div[1]/div[4]/div/div[2]/div/div[2]/div/div[1]/div[2]/p[1]&quot;}
  (Session info: chrome=61.0.3163.100)
  (Driver info: chromedriver=2.33.506120 (e3e53437346286c0bc2d2dc9aa4915ba81d9023f),platform=Windows NT 10.0.15063 x86_64) (WARNING: The server did not provide any stacktrace information)
Command duration or timeout: 7.07 seconds
For documentation on this error, please visit: http://seleniumhq.org/exceptions/no_such_element.html
Build info: version: &apos;2.53.1&apos;, revision: &apos;a36b8b1cd5757287168e54b817830adce9b0158d&apos;, time: &apos;2016-06-30 19:26:09&apos;
System info: host: &apos;DESKTOP-2VD0QVH&apos;, ip: &apos;192.168.1.118&apos;, os.name: &apos;Windows 10&apos;, os.arch: &apos;amd64&apos;, os.version: &apos;10.0&apos;, java.version: &apos;1.8.0_144&apos;
Driver info: org.openqa.selenium.chrome.ChromeDriver
Capabilities [{applicationCacheEnabled=false, rotatable=false, mobileEmulationEnabled=false, networkConnectionEnabled=false, chrome={chromedriverVersion=2.33.506120 (e3e53437346286c0bc2d2dc9aa4915ba81d9023f), userDataDir=C:\Users\user\AppData\Local\Temp\scoped_dir51096_23193}, takesHeapSnapshot=true, pageLoadStrategy=normal, databaseEnabled=false, handlesAlerts=true, hasTouchScreen=false, version=61.0.3163.100, platform=XP, browserConnectionEnabled=false, nativeEvents=true, acceptSslCerts=true, locationContextEnabled=true, webStorageEnabled=true, browserName=chrome, takesScreenshot=true, javascriptEnabled=true, cssSelectorsEnabled=true, setWindowRect=true, unexpectedAlertBehaviour=}]
Session ID: 3fb7fe4d91a211b6eda11b6c4514f329
*** Element info: {Using=xpath, value=/html/body/div[1]/div[4]/div/div[2]/div/div[2]/div/div[1]/div[2]/p[1]}
	at org.openqa.selenium.remote.ErrorHandler.createThrowable(ErrorHandler.java:206)
	at org.openqa.selenium.remote.ErrorHandler.throwIfResponseFailed(ErrorHandler.java:158)
	at org.openqa.selenium.remote.RemoteWebDriver.execute(RemoteWebDriver.java:678)
	at org.openqa.selenium.remote.RemoteWebDriver.findElement(RemoteWebDriver.java:363)
	at org.openqa.selenium.remote.RemoteWebDriver.findElementByXPath(RemoteWebDriver.java:500)
	at org.openqa.selenium.By$ByXPath.findElement(By.java:361)
	at org.openqa.selenium.remote.RemoteWebDriver.findElement(RemoteWebDriver.java:355)
	at Pages.BlogPage.Gettext(BlogPage.java:105)
	at Tests.BlogTest.TestAboutShare37(BlogTest.java:523)
... Removed 39 stack frames</div></td></tr></table><p class="totop"><a href="#summary">back to summary</a></p><h3 id="m3">Tests.BlogTest#TestAboutShare38</h3><table class="result"><tr><th>Exception</th></tr><tr><td><div class="stacktrace">org.openqa.selenium.NoSuchElementException: no such element: Unable to locate element: {&quot;method&quot;:&quot;xpath&quot;,&quot;selector&quot;:&quot;/html/body/div[1]/div[4]/div/div[2]/div/div[2]/div/div[1]/div[2]/p[1]&quot;}
  (Session info: chrome=61.0.3163.100)
  (Driver info: chromedriver=2.33.506120 (e3e53437346286c0bc2d2dc9aa4915ba81d9023f),platform=Windows NT 10.0.15063 x86_64) (WARNING: The server did not provide any stacktrace information)
Command duration or timeout: 7.01 seconds
For documentation on this error, please visit: http://seleniumhq.org/exceptions/no_such_element.html
Build info: version: &apos;2.53.1&apos;, revision: &apos;a36b8b1cd5757287168e54b817830adce9b0158d&apos;, time: &apos;2016-06-30 19:26:09&apos;
System info: host: &apos;DESKTOP-2VD0QVH&apos;, ip: &apos;192.168.1.118&apos;, os.name: &apos;Windows 10&apos;, os.arch: &apos;amd64&apos;, os.version: &apos;10.0&apos;, java.version: &apos;1.8.0_144&apos;
Driver info: org.openqa.selenium.chrome.ChromeDriver
Capabilities [{applicationCacheEnabled=false, rotatable=false, mobileEmulationEnabled=false, networkConnectionEnabled=false, chrome={chromedriverVersion=2.33.506120 (e3e53437346286c0bc2d2dc9aa4915ba81d9023f), userDataDir=C:\Users\user\AppData\Local\Temp\scoped_dir51096_23193}, takesHeapSnapshot=true, pageLoadStrategy=normal, databaseEnabled=false, handlesAlerts=true, hasTouchScreen=false, version=61.0.3163.100, platform=XP, browserConnectionEnabled=false, nativeEvents=true, acceptSslCerts=true, locationContextEnabled=true, webStorageEnabled=true, browserName=chrome, takesScreenshot=true, javascriptEnabled=true, cssSelectorsEnabled=true, setWindowRect=true, unexpectedAlertBehaviour=}]
Session ID: 3fb7fe4d91a211b6eda11b6c4514f329
*** Element info: {Using=xpath, value=/html/body/div[1]/div[4]/div/div[2]/div/div[2]/div/div[1]/div[2]/p[1]}
	at org.openqa.selenium.remote.ErrorHandler.createThrowable(ErrorHandler.java:206)
	at org.openqa.selenium.remote.ErrorHandler.throwIfResponseFailed(ErrorHandler.java:158)
	at org.openqa.selenium.remote.RemoteWebDriver.execute(RemoteWebDriver.java:678)
	at org.openqa.selenium.remote.RemoteWebDriver.findElement(RemoteWebDriver.java:363)
	at org.openqa.selenium.remote.RemoteWebDriver.findElementByXPath(RemoteWebDriver.java:500)
	at org.openqa.selenium.By$ByXPath.findElement(By.java:361)
	at org.openqa.selenium.remote.RemoteWebDriver.findElement(RemoteWebDriver.java:355)
	at Pages.BlogPage.Gettext(BlogPage.java:105)
	at Tests.BlogTest.TestAboutShare38(BlogTest.java:534)
... Removed 39 stack frames</div></td></tr></table><p class="totop"><a href="#summary">back to summary</a></p><h3 id="m4">Tests.BlogTest#TestAboutShare39</h3><table class="result"><tr><th>Exception</th></tr><tr><td><div class="stacktrace">java.lang.AssertionError: The following asserts failed:
	expected [Ñåìåñòð óíèâåðñèòåòà â Óêðàèíå ñòîèò íåäåøåâî è äàæå åñëè ðå÷ü èäåò î áþäæåòíîé ôîðìå, ðàñõîäîâ íå èçáåæàòü: êàíöåëÿðèÿ, ó÷åáíèêè, àðåíäà æèëüÿ, îïëàòà êóðñîâ è äàæå ïðîåçä äîìîé. Ãäå âçÿòü äåíüãè è ÷òî äåëàòü, åñëè îíè íóæíû óæå ñåãîäíÿ?] but found [Êîãäà íà÷èíàþò çâîíèòü ñîòðóäíèêè êîëëåêòîðñêîé êîìïàíèè, íà÷èíàåøü äóìàòü î òîì, íàñêîëüêî çàêîííû èõ äåéñòâèÿ è ñòîèò ëè èì ïëàòèòü? Èìååò ëè áàíê ïðàâî «ïîäêëþ÷èòü» ê ðàáîòå 3-õ ëèö, åñëè ïðîöåññ âçûñêàíèÿ ñòàíåò ýôôåêòèâíåå?],
	expected [http://dev2.mycredit.com.ua/ru/blog/gde-vzyat-kredit-studentam-na-obuchenie/] but found [http://dev2.mycredit.com.ua/ru/blog/kak-ne-platit-kredit-kollektoram-v-ukraine/]
	at Tests.BlogTest.TestAboutShare39(BlogTest.java:548)
... Removed 36 stack frames</div></td></tr></table><p class="totop"><a href="#summary">back to summary</a></p><h3 id="m5">Tests.BlogTest#TestAboutShare4</h3><table class="result"><tr><th>Exception</th></tr><tr><td><div class="stacktrace">java.lang.AssertionError: The following asserts failed:
	expected [Ñåìåñòð óíèâåðñèòåòà â Óêðàèíå ñòîèò íåäåøåâî è äàæå åñëè ðå÷ü èäåò î áþäæåòíîé ôîðìå, ðàñõîäîâ íå èçáåæàòü: êàíöåëÿðèÿ, ó÷åáíèêè, àðåíäà æèëüÿ, îïëàòà êóðñîâ è äàæå ïðîåçä äîìîé. Ãäå âçÿòü äåíüãè è ÷òî äåëàòü, åñëè îíè íóæíû óæå ñåãîäíÿ?] but found [Êîãäà íà÷èíàþò çâîíèòü ñîòðóäíèêè êîëëåêòîðñêîé êîìïàíèè, íà÷èíàåøü äóìàòü î òîì, íàñêîëüêî çàêîííû èõ äåéñòâèÿ è ñòîèò ëè èì ïëàòèòü? Èìååò ëè áàíê ïðàâî «ïîäêëþ÷èòü» ê ðàáîòå 3-õ ëèö, åñëè ïðîöåññ âçûñêàíèÿ ñòàíåò ýôôåêòèâíåå?],
	expected [http://dev2.mycredit.com.ua/ru/blog/gde-vzyat-kredit-studentam-na-obuchenie/] but found [http://dev2.mycredit.com.ua/ru/blog/kak-ne-platit-kredit-kollektoram-v-ukraine/]
	at Tests.BlogTest.TestAboutShare4(BlogTest.java:86)
... Removed 36 stack frames</div></td></tr></table><p class="totop"><a href="#summary">back to summary</a></p><h3 id="m6">Tests.BlogTest#TestAboutShare40</h3><table class="result"><tr><th>Exception</th></tr><tr><td><div class="stacktrace">java.lang.AssertionError: The following asserts failed:
	expected [Ñåìåñòð óíèâåðñèòåòà â Óêðàèíå ñòîèò íåäåøåâî è äàæå åñëè ðå÷ü èäåò î áþäæåòíîé ôîðìå, ðàñõîäîâ íå èçáåæàòü: êàíöåëÿðèÿ, ó÷åáíèêè, àðåíäà æèëüÿ, îïëàòà êóðñîâ è äàæå ïðîåçä äîìîé. Ãäå âçÿòü äåíüãè è ÷òî äåëàòü, åñëè îíè íóæíû óæå ñåãîäíÿ?] but found [Êîãäà íà÷èíàþò çâîíèòü ñîòðóäíèêè êîëëåêòîðñêîé êîìïàíèè, íà÷èíàåøü äóìàòü î òîì, íàñêîëüêî çàêîííû èõ äåéñòâèÿ è ñòîèò ëè èì ïëàòèòü? Èìååò ëè áàíê ïðàâî «ïîäêëþ÷èòü» ê ðàáîòå 3-õ ëèö, åñëè ïðîöåññ âçûñêàíèÿ ñòàíåò ýôôåêòèâíåå?],
	expected [http://dev2.mycredit.com.ua/ru/blog/gde-vzyat-kredit-studentam-na-obuchenie/] but found [http://dev2.mycredit.com.ua/ru/blog/kak-ne-platit-kredit-kollektoram-v-ukraine/]
	at Tests.BlogTest.TestAboutShare40(BlogTest.java:559)
... Removed 36 stack frames</div></td></tr></table><p class="totop"><a href="#summary">back to summary</a></p><h3 id="m7">Tests.BlogTest#TestAboutShare41</h3><table class="result"><tr><th>Exception</th></tr><tr><td><div class="stacktrace">java.lang.AssertionError: The following asserts failed:
	expected [Ñåìåñòð óíèâåðñèòåòà â Óêðàèíå ñòîèò íåäåøåâî è äàæå åñëè ðå÷ü èäåò î áþäæåòíîé ôîðìå, ðàñõîäîâ íå èçáåæàòü: êàíöåëÿðèÿ, ó÷åáíèêè, àðåíäà æèëüÿ, îïëàòà êóðñîâ è äàæå ïðîåçä äîìîé. Ãäå âçÿòü äåíüãè è ÷òî äåëàòü, åñëè îíè íóæíû óæå ñåãîäíÿ?] but found [Êîãäà íà÷èíàþò çâîíèòü ñîòðóäíèêè êîëëåêòîðñêîé êîìïàíèè, íà÷èíàåøü äóìàòü î òîì, íàñêîëüêî çàêîííû èõ äåéñòâèÿ è ñòîèò ëè èì ïëàòèòü? Èìååò ëè áàíê ïðàâî «ïîäêëþ÷èòü» ê ðàáîòå 3-õ ëèö, åñëè ïðîöåññ âçûñêàíèÿ ñòàíåò ýôôåêòèâíåå?],
	expected [http://dev2.mycredit.com.ua/ru/blog/gde-vzyat-kredit-studentam-na-obuchenie/] but found [http://dev2.mycredit.com.ua/ru/blog/kak-ne-platit-kredit-kollektoram-v-ukraine/]
	at Tests.BlogTest.TestAboutShare41(BlogTest.java:570)
... Removed 36 stack frames</div></td></tr></table><p class="totop"><a href="#summary">back to summary</a></p><h3 id="m8">Tests.BlogTest#TestAboutShare42</h3><table class="result"><tr><th>Exception</th></tr><tr><td><div class="stacktrace">java.lang.AssertionError: The following asserts failed:
	expected [Ñåìåñòð óíèâåðñèòåòà â Óêðàèíå ñòîèò íåäåøåâî è äàæå åñëè ðå÷ü èäåò î áþäæåòíîé ôîðìå, ðàñõîäîâ íå èçáåæàòü: êàíöåëÿðèÿ, ó÷åáíèêè, àðåíäà æèëüÿ, îïëàòà êóðñîâ è äàæå ïðîåçä äîìîé. Ãäå âçÿòü äåíüãè è ÷òî äåëàòü, åñëè îíè íóæíû óæå ñåãîäíÿ?] but found [Êîãäà íà÷èíàþò çâîíèòü ñîòðóäíèêè êîëëåêòîðñêîé êîìïàíèè, íà÷èíàåøü äóìàòü î òîì, íàñêîëüêî çàêîííû èõ äåéñòâèÿ è ñòîèò ëè èì ïëàòèòü? Èìååò ëè áàíê ïðàâî «ïîäêëþ÷èòü» ê ðàáîòå 3-õ ëèö, åñëè ïðîöåññ âçûñêàíèÿ ñòàíåò ýôôåêòèâíåå?],
	expected [http://dev2.mycredit.com.ua/ru/blog/gde-vzyat-kredit-studentam-na-obuchenie/] but found [http://dev2.mycredit.com.ua/ru/blog/kak-ne-platit-kredit-kollektoram-v-ukraine/]
	at Tests.BlogTest.TestAboutShare42(BlogTest.java:581)
... Removed 36 stack frames</div></td></tr></table><p class="totop"><a href="#summary">back to summary</a></p><h3 id="m9">Tests.BlogTest#TestAboutShare43</h3><table class="result"><tr><th>Exception</th></tr><tr><td><div class="stacktrace">java.lang.AssertionError: The following asserts failed:
	expected [Ñåìåñòð óíèâåðñèòåòà â Óêðàèíå ñòîèò íåäåøåâî è äàæå åñëè ðå÷ü èäåò î áþäæåòíîé ôîðìå, ðàñõîäîâ íå èçáåæàòü: êàíöåëÿðèÿ, ó÷åáíèêè, àðåíäà æèëüÿ, îïëàòà êóðñîâ è äàæå ïðîåçä äîìîé. Ãäå âçÿòü äåíüãè è ÷òî äåëàòü, åñëè îíè íóæíû óæå ñåãîäíÿ?] but found [Êîãäà íà÷èíàþò çâîíèòü ñîòðóäíèêè êîëëåêòîðñêîé êîìïàíèè, íà÷èíàåøü äóìàòü î òîì, íàñêîëüêî çàêîííû èõ äåéñòâèÿ è ñòîèò ëè èì ïëàòèòü? Èìååò ëè áàíê ïðàâî «ïîäêëþ÷èòü» ê ðàáîòå 3-õ ëèö, åñëè ïðîöåññ âçûñêàíèÿ ñòàíåò ýôôåêòèâíåå?],
	expected [http://dev2.mycredit.com.ua/ru/blog/gde-vzyat-kredit-studentam-na-obuchenie/] but found [http://dev2.mycredit.com.ua/ru/blog/kak-ne-platit-kredit-kollektoram-v-ukraine/]
	at Tests.BlogTest.TestAboutShare43(BlogTest.java:601)
... Removed 36 stack frames</div></td></tr></table><p class="totop"><a href="#summary">back to summary</a></p><h3 id="m10">Tests.BlogTest#TestAboutShare44</h3><table class="result"><tr><th>Exception</th></tr><tr><td><div class="stacktrace">java.lang.AssertionError: The following asserts failed:
	expected [Ñåìåñòð óíèâåðñèòåòà â Óêðàèíå ñòîèò íåäåøåâî è äàæå åñëè ðå÷ü èäåò î áþäæåòíîé ôîðìå, ðàñõîäîâ íå èçáåæàòü: êàíöåëÿðèÿ, ó÷åáíèêè, àðåíäà æèëüÿ, îïëàòà êóðñîâ è äàæå ïðîåçä äîìîé. Ãäå âçÿòü äåíüãè è ÷òî äåëàòü, åñëè îíè íóæíû óæå ñåãîäíÿ?] but found [Êîãäà íà÷èíàþò çâîíèòü ñîòðóäíèêè êîëëåêòîðñêîé êîìïàíèè, íà÷èíàåøü äóìàòü î òîì, íàñêîëüêî çàêîííû èõ äåéñòâèÿ è ñòîèò ëè èì ïëàòèòü? Èìååò ëè áàíê ïðàâî «ïîäêëþ÷èòü» ê ðàáîòå 3-õ ëèö, åñëè ïðîöåññ âçûñêàíèÿ ñòàíåò ýôôåêòèâíåå?],
	expected [http://dev2.mycredit.com.ua/ru/blog/gde-vzyat-kredit-studentam-na-obuchenie/] but found [http://dev2.mycredit.com.ua/ru/blog/kak-ne-platit-kredit-kollektoram-v-ukraine/]
	at Tests.BlogTest.TestAboutShare44(BlogTest.java:612)
... Removed 36 stack frames</div></td></tr></table><p class="totop"><a href="#summary">back to summary</a></p><h3 id="m11">Tests.BlogTest#TestAboutShare45</h3><table class="result"><tr><th>Exception</th></tr><tr><td><div class="stacktrace">java.lang.AssertionError: The following asserts failed:
	expected [Ñåìåñòð óíèâåðñèòåòà â Óêðàèíå ñòîèò íåäåøåâî è äàæå åñëè ðå÷ü èäåò î áþäæåòíîé ôîðìå, ðàñõîäîâ íå èçáåæàòü: êàíöåëÿðèÿ, ó÷åáíèêè, àðåíäà æèëüÿ, îïëàòà êóðñîâ è äàæå ïðîåçä äîìîé. Ãäå âçÿòü äåíüãè è ÷òî äåëàòü, åñëè îíè íóæíû óæå ñåãîäíÿ?] but found [Êîãäà íà÷èíàþò çâîíèòü ñîòðóäíèêè êîëëåêòîðñêîé êîìïàíèè, íà÷èíàåøü äóìàòü î òîì, íàñêîëüêî çàêîííû èõ äåéñòâèÿ è ñòîèò ëè èì ïëàòèòü? Èìååò ëè áàíê ïðàâî «ïîäêëþ÷èòü» ê ðàáîòå 3-õ ëèö, åñëè ïðîöåññ âçûñêàíèÿ ñòàíåò ýôôåêòèâíåå?],
	expected [http://dev2.mycredit.com.ua/ru/blog/gde-vzyat-kredit-studentam-na-obuchenie/] but found [http://dev2.mycredit.com.ua/ru/blog/kak-ne-platit-kredit-kollektoram-v-ukraine/]
	at Tests.BlogTest.TestAboutShare45(BlogTest.java:623)
... Removed 36 stack frames</div></td></tr></table><p class="totop"><a href="#summary">back to summary</a></p><h3 id="m12">Tests.BlogTest#TestAboutShare46</h3><table class="result"><tr><th>Exception</th></tr><tr><td><div class="stacktrace">java.lang.AssertionError: The following asserts failed:
	expected [Ñåìåñòð óíèâåðñèòåòà â Óêðàèíå ñòîèò íåäåøåâî è äàæå åñëè ðå÷ü èäåò î áþäæåòíîé ôîðìå, ðàñõîäîâ íå èçáåæàòü: êàíöåëÿðèÿ, ó÷åáíèêè, àðåíäà æèëüÿ, îïëàòà êóðñîâ è äàæå ïðîåçä äîìîé. Ãäå âçÿòü äåíüãè è ÷òî äåëàòü, åñëè îíè íóæíû óæå ñåãîäíÿ?] but found [Êîãäà íà÷èíàþò çâîíèòü ñîòðóäíèêè êîëëåêòîðñêîé êîìïàíèè, íà÷èíàåøü äóìàòü î òîì, íàñêîëüêî çàêîííû èõ äåéñòâèÿ è ñòîèò ëè èì ïëàòèòü? Èìååò ëè áàíê ïðàâî «ïîäêëþ÷èòü» ê ðàáîòå 3-õ ëèö, åñëè ïðîöåññ âçûñêàíèÿ ñòàíåò ýôôåêòèâíåå?],
	expected [http://dev2.mycredit.com.ua/ru/blog/gde-vzyat-kredit-studentam-na-obuchenie/] but found [http://dev2.mycredit.com.ua/ru/blog/kak-ne-platit-kredit-kollektoram-v-ukraine/]
	at Tests.BlogTest.TestAboutShare46(BlogTest.java:634)
... Removed 36 stack frames</div></td></tr></table><p class="totop"><a href="#summary">back to summary</a></p><h3 id="m13">Tests.BlogTest#TestAboutShare47</h3><table class="result"><tr><th>Exception</th></tr><tr><td><div class="stacktrace">java.lang.AssertionError: The following asserts failed:
	expected [Ñåìåñòð óíèâåðñèòåòà â Óêðàèíå ñòîèò íåäåøåâî è äàæå åñëè ðå÷ü èäåò î áþäæåòíîé ôîðìå, ðàñõîäîâ íå èçáåæàòü: êàíöåëÿðèÿ, ó÷åáíèêè, àðåíäà æèëüÿ, îïëàòà êóðñîâ è äàæå ïðîåçä äîìîé. Ãäå âçÿòü äåíüãè è ÷òî äåëàòü, åñëè îíè íóæíû óæå ñåãîäíÿ?] but found [Êîãäà íà÷èíàþò çâîíèòü ñîòðóäíèêè êîëëåêòîðñêîé êîìïàíèè, íà÷èíàåøü äóìàòü î òîì, íàñêîëüêî çàêîííû èõ äåéñòâèÿ è ñòîèò ëè èì ïëàòèòü? Èìååò ëè áàíê ïðàâî «ïîäêëþ÷èòü» ê ðàáîòå 3-õ ëèö, åñëè ïðîöåññ âçûñêàíèÿ ñòàíåò ýôôåêòèâíåå?],
	expected [http://dev2.mycredit.com.ua/ru/blog/gde-vzyat-kredit-studentam-na-obuchenie/] but found [http://dev2.mycredit.com.ua/ru/blog/kak-ne-platit-kredit-kollektoram-v-ukraine/]
	at Tests.BlogTest.TestAboutShare47(BlogTest.java:645)
... Removed 36 stack frames</div></td></tr></table><p class="totop"><a href="#summary">back to summary</a></p><h3 id="m14">Tests.BlogTest#TestAboutShare48</h3><table class="result"><tr><th>Exception</th></tr><tr><td><div class="stacktrace">java.lang.AssertionError: The following asserts failed:
	expected [Ñåìåñòð óíèâåðñèòåòà â Óêðàèíå ñòîèò íåäåøåâî è äàæå åñëè ðå÷ü èäåò î áþäæåòíîé ôîðìå, ðàñõîäîâ íå èçáåæàòü: êàíöåëÿðèÿ, ó÷åáíèêè, àðåíäà æèëüÿ, îïëàòà êóðñîâ è äàæå ïðîåçä äîìîé. Ãäå âçÿòü äåíüãè è ÷òî äåëàòü, åñëè îíè íóæíû óæå ñåãîäíÿ?] but found [Êîãäà íà÷èíàþò çâîíèòü ñîòðóäíèêè êîëëåêòîðñêîé êîìïàíèè, íà÷èíàåøü äóìàòü î òîì, íàñêîëüêî çàêîííû èõ äåéñòâèÿ è ñòîèò ëè èì ïëàòèòü? Èìååò ëè áàíê ïðàâî «ïîäêëþ÷èòü» ê ðàáîòå 3-õ ëèö, åñëè ïðîöåññ âçûñêàíèÿ ñòàíåò ýôôåêòèâíåå?],
	expected [http://dev2.mycredit.com.ua/ru/blog/gde-vzyat-kredit-studentam-na-obuchenie/] but found [http://dev2.mycredit.com.ua/ru/blog/kak-ne-platit-kredit-kollektoram-v-ukraine/]
	at Tests.BlogTest.TestAboutShare48(BlogTest.java:656)
... Removed 36 stack frames</div></td></tr></table><p class="totop"><a href="#summary">back to summary</a></p><h3 id="m15">Tests.BlogTest#TestAboutShare49</h3><table class="result"><tr><th>Exception</th></tr><tr><td><div class="stacktrace">java.lang.AssertionError: The following asserts failed:
	expected [Ñåìåñòð óíèâåðñèòåòà â Óêðàèíå ñòîèò íåäåøåâî è äàæå åñëè ðå÷ü èäåò î áþäæåòíîé ôîðìå, ðàñõîäîâ íå èçáåæàòü: êàíöåëÿðèÿ, ó÷åáíèêè, àðåíäà æèëüÿ, îïëàòà êóðñîâ è äàæå ïðîåçä äîìîé. Ãäå âçÿòü äåíüãè è ÷òî äåëàòü, åñëè îíè íóæíû óæå ñåãîäíÿ?] but found [Êîãäà íà÷èíàþò çâîíèòü ñîòðóäíèêè êîëëåêòîðñêîé êîìïàíèè, íà÷èíàåøü äóìàòü î òîì, íàñêîëüêî çàêîííû èõ äåéñòâèÿ è ñòîèò ëè èì ïëàòèòü? Èìååò ëè áàíê ïðàâî «ïîäêëþ÷èòü» ê ðàáîòå 3-õ ëèö, åñëè ïðîöåññ âçûñêàíèÿ ñòàíåò ýôôåêòèâíåå?],
	expected [http://dev2.mycredit.com.ua/ru/blog/gde-vzyat-kredit-studentam-na-obuchenie/] but found [http://dev2.mycredit.com.ua/ru/blog/kak-ne-platit-kredit-kollektoram-v-ukraine/]
	at Tests.BlogTest.TestAboutShare49(BlogTest.java:676)
... Removed 36 stack frames</div></td></tr></table><p class="totop"><a href="#summary">back to summary</a></p><h3 id="m16">Tests.BlogTest#TestAboutShare5</h3><table class="result"><tr><th>Exception</th></tr><tr><td><div class="stacktrace">org.openqa.selenium.NoSuchElementException: no such element: Unable to locate element: {&quot;method&quot;:&quot;xpath&quot;,&quot;selector&quot;:&quot;/html/body/div[1]/div[4]/div/div[2]/div/div[2]/div/div[1]/div[2]/p[1]&quot;}
  (Session info: chrome=61.0.3163.100)
  (Driver info: chromedriver=2.33.506120 (e3e53437346286c0bc2d2dc9aa4915ba81d9023f),platform=Windows NT 10.0.15063 x86_64) (WARNING: The server did not provide any stacktrace information)
Command duration or timeout: 7.05 seconds
For documentation on this error, please visit: http://seleniumhq.org/exceptions/no_such_element.html
Build info: version: &apos;2.53.1&apos;, revision: &apos;a36b8b1cd5757287168e54b817830adce9b0158d&apos;, time: &apos;2016-06-30 19:26:09&apos;
System info: host: &apos;DESKTOP-2VD0QVH&apos;, ip: &apos;192.168.1.118&apos;, os.name: &apos;Windows 10&apos;, os.arch: &apos;amd64&apos;, os.version: &apos;10.0&apos;, java.version: &apos;1.8.0_144&apos;
Driver info: org.openqa.selenium.chrome.ChromeDriver
Capabilities [{applicationCacheEnabled=false, rotatable=false, mobileEmulationEnabled=false, networkConnectionEnabled=false, chrome={chromedriverVersion=2.33.506120 (e3e53437346286c0bc2d2dc9aa4915ba81d9023f), userDataDir=C:\Users\user\AppData\Local\Temp\scoped_dir51096_23193}, takesHeapSnapshot=true, pageLoadStrategy=normal, databaseEnabled=false, handlesAlerts=true, hasTouchScreen=false, version=61.0.3163.100, platform=XP, browserConnectionEnabled=false, nativeEvents=true, acceptSslCerts=true, locationContextEnabled=true, webStorageEnabled=true, browserName=chrome, takesScreenshot=true, javascriptEnabled=true, cssSelectorsEnabled=true, setWindowRect=true, unexpectedAlertBehaviour=}]
Session ID: 3fb7fe4d91a211b6eda11b6c4514f329
*** Element info: {Using=xpath, value=/html/body/div[1]/div[4]/div/div[2]/div/div[2]/div/div[1]/div[2]/p[1]}
	at org.openqa.selenium.remote.ErrorHandler.createThrowable(ErrorHandler.java:206)
	at org.openqa.selenium.remote.ErrorHandler.throwIfResponseFailed(ErrorHandler.java:158)
	at org.openqa.selenium.remote.RemoteWebDriver.execute(RemoteWebDriver.java:678)
	at org.openqa.selenium.remote.RemoteWebDriver.findElement(RemoteWebDriver.java:363)
	at org.openqa.selenium.remote.RemoteWebDriver.findElementByXPath(RemoteWebDriver.java:500)
	at org.openqa.selenium.By$ByXPath.findElement(By.java:361)
	at org.openqa.selenium.remote.RemoteWebDriver.findElement(RemoteWebDriver.java:355)
	at Pages.BlogPage.Gettext(BlogPage.java:105)
	at Tests.BlogTest.TestAboutShare5(BlogTest.java:94)
... Removed 39 stack frames</div></td></tr></table><p class="totop"><a href="#summary">back to summary</a></p><h3 id="m17">Tests.BlogTest#TestAboutShare50</h3><table class="result"><tr><th>Exception</th></tr><tr><td><div class="stacktrace">org.openqa.selenium.NoSuchElementException: no such element: Unable to locate element: {&quot;method&quot;:&quot;xpath&quot;,&quot;selector&quot;:&quot;/html/body/div[1]/div[4]/div/div[2]/div/div[2]/div/div[1]/div[2]/p[1]&quot;}
  (Session info: chrome=61.0.3163.100)
  (Driver info: chromedriver=2.33.506120 (e3e53437346286c0bc2d2dc9aa4915ba81d9023f),platform=Windows NT 10.0.15063 x86_64) (WARNING: The server did not provide any stacktrace information)
Command duration or timeout: 14.57 seconds
For documentation on this error, please visit: http://seleniumhq.org/exceptions/no_such_element.html
Build info: version: &apos;2.53.1&apos;, revision: &apos;a36b8b1cd5757287168e54b817830adce9b0158d&apos;, time: &apos;2016-06-30 19:26:09&apos;
System info: host: &apos;DESKTOP-2VD0QVH&apos;, ip: &apos;192.168.1.118&apos;, os.name: &apos;Windows 10&apos;, os.arch: &apos;amd64&apos;, os.version: &apos;10.0&apos;, java.version: &apos;1.8.0_144&apos;
Driver info: org.openqa.selenium.chrome.ChromeDriver
Capabilities [{applicationCacheEnabled=false, rotatable=false, mobileEmulationEnabled=false, networkConnectionEnabled=false, chrome={chromedriverVersion=2.33.506120 (e3e53437346286c0bc2d2dc9aa4915ba81d9023f), userDataDir=C:\Users\user\AppData\Local\Temp\scoped_dir51096_23193}, takesHeapSnapshot=true, pageLoadStrategy=normal, databaseEnabled=false, handlesAlerts=true, hasTouchScreen=false, version=61.0.3163.100, platform=XP, browserConnectionEnabled=false, nativeEvents=true, acceptSslCerts=true, locationContextEnabled=true, webStorageEnabled=true, browserName=chrome, takesScreenshot=true, javascriptEnabled=true, cssSelectorsEnabled=true, setWindowRect=true, unexpectedAlertBehaviour=}]
Session ID: 3fb7fe4d91a211b6eda11b6c4514f329
*** Element info: {Using=xpath, value=/html/body/div[1]/div[4]/div/div[2]/div/div[2]/div/div[1]/div[2]/p[1]}
	at org.openqa.selenium.remote.ErrorHandler.createThrowable(ErrorHandler.java:206)
	at org.openqa.selenium.remote.ErrorHandler.throwIfResponseFailed(ErrorHandler.java:158)
	at org.openqa.selenium.remote.RemoteWebDriver.execute(RemoteWebDriver.java:678)
	at org.openqa.selenium.remote.RemoteWebDriver.findElement(RemoteWebDriver.java:363)
	at org.openqa.selenium.remote.RemoteWebDriver.findElementByXPath(RemoteWebDriver.java:500)
	at org.openqa.selenium.By$ByXPath.findElement(By.java:361)
	at org.openqa.selenium.remote.RemoteWebDriver.findElement(RemoteWebDriver.java:355)
	at Pages.BlogPage.Gettext(BlogPage.java:105)
	at Tests.BlogTest.TestAboutShare50(BlogTest.java:684)
... Removed 39 stack frames</div></td></tr></table><p class="totop"><a href="#summary">back to summary</a></p><h3 id="m18">Tests.BlogTest#TestAboutShare51</h3><table class="result"><tr><th>Exception</th></tr><tr><td><div class="stacktrace">java.lang.AssertionError: The following asserts failed:
	expected [Ñåìåñòð óíèâåðñèòåòà â Óêðàèíå ñòîèò íåäåøåâî è äàæå åñëè ðå÷ü èäåò î áþäæåòíîé ôîðìå, ðàñõîäîâ íå èçáåæàòü: êàíöåëÿðèÿ, ó÷åáíèêè, àðåíäà æèëüÿ, îïëàòà êóðñîâ è äàæå ïðîåçä äîìîé. Ãäå âçÿòü äåíüãè è ÷òî äåëàòü, åñëè îíè íóæíû óæå ñåãîäíÿ?] but found [Êîãäà íà÷èíàþò çâîíèòü ñîòðóäíèêè êîëëåêòîðñêîé êîìïàíèè, íà÷èíàåøü äóìàòü î òîì, íàñêîëüêî çàêîííû èõ äåéñòâèÿ è ñòîèò ëè èì ïëàòèòü? Èìååò ëè áàíê ïðàâî «ïîäêëþ÷èòü» ê ðàáîòå 3-õ ëèö, åñëè ïðîöåññ âçûñêàíèÿ ñòàíåò ýôôåêòèâíåå?],
	expected [http://dev2.mycredit.com.ua/ru/blog/gde-vzyat-kredit-studentam-na-obuchenie/] but found [http://dev2.mycredit.com.ua/ru/blog/kak-ne-platit-kredit-kollektoram-v-ukraine/]
	at Tests.BlogTest.TestAboutShare51(BlogTest.java:698)
... Removed 36 stack frames</div></td></tr></table><p class="totop"><a href="#summary">back to summary</a></p><h3 id="m19">Tests.BlogTest#TestAboutShare52</h3><table class="result"><tr><th>Exception</th></tr><tr><td><div class="stacktrace">java.lang.AssertionError: The following asserts failed:
	expected [Ñåìåñòð óíèâåðñèòåòà â Óêðàèíå ñòîèò íåäåøåâî è äàæå åñëè ðå÷ü èäåò î áþäæåòíîé ôîðìå, ðàñõîäîâ íå èçáåæàòü: êàíöåëÿðèÿ, ó÷åáíèêè, àðåíäà æèëüÿ, îïëàòà êóðñîâ è äàæå ïðîåçä äîìîé. Ãäå âçÿòü äåíüãè è ÷òî äåëàòü, åñëè îíè íóæíû óæå ñåãîäíÿ?] but found [Êîãäà íà÷èíàþò çâîíèòü ñîòðóäíèêè êîëëåêòîðñêîé êîìïàíèè, íà÷èíàåøü äóìàòü î òîì, íàñêîëüêî çàêîííû èõ äåéñòâèÿ è ñòîèò ëè èì ïëàòèòü? Èìååò ëè áàíê ïðàâî «ïîäêëþ÷èòü» ê ðàáîòå 3-õ ëèö, åñëè ïðîöåññ âçûñêàíèÿ ñòàíåò ýôôåêòèâíåå?],
	expected [http://dev2.mycredit.com.ua/ru/blog/gde-vzyat-kredit-studentam-na-obuchenie/] but found [http://dev2.mycredit.com.ua/ru/blog/kak-ne-platit-kredit-kollektoram-v-ukraine/]
	at Tests.BlogTest.TestAboutShare52(BlogTest.java:709)
... Removed 36 stack frames</div></td></tr></table><p class="totop"><a href="#summary">back to summary</a></p><h3 id="m20">Tests.BlogTest#TestAboutShare53</h3><table class="result"><tr><th>Exception</th></tr><tr><td><div class="stacktrace">java.lang.AssertionError: The following asserts failed:
	expected [Ñåìåñòð óíèâåðñèòåòà â Óêðàèíå ñòîèò íåäåøåâî è äàæå åñëè ðå÷ü èäåò î áþäæåòíîé ôîðìå, ðàñõîäîâ íå èçáåæàòü: êàíöåëÿðèÿ, ó÷åáíèêè, àðåíäà æèëüÿ, îïëàòà êóðñîâ è äàæå ïðîåçä äîìîé. Ãäå âçÿòü äåíüãè è ÷òî äåëàòü, åñëè îíè íóæíû óæå ñåãîäíÿ?] but found [Êîãäà íà÷èíàþò çâîíèòü ñîòðóäíèêè êîëëåêòîðñêîé êîìïàíèè, íà÷èíàåøü äóìàòü î òîì, íàñêîëüêî çàêîííû èõ äåéñòâèÿ è ñòîèò ëè èì ïëàòèòü? Èìååò ëè áàíê ïðàâî «ïîäêëþ÷èòü» ê ðàáîòå 3-õ ëèö, åñëè ïðîöåññ âçûñêàíèÿ ñòàíåò ýôôåêòèâíåå?],
	expected [http://dev2.mycredit.com.ua/ru/blog/gde-vzyat-kredit-studentam-na-obuchenie/] but found [http://dev2.mycredit.com.ua/ru/blog/kak-ne-platit-kredit-kollektoram-v-ukraine/]
	at Tests.BlogTest.TestAboutShare53(BlogTest.java:720)
... Removed 36 stack frames</div></td></tr></table><p class="totop"><a href="#summary">back to summary</a></p><h3 id="m21">Tests.BlogTest#TestAboutShare54</h3><table class="result"><tr><th>Exception</th></tr><tr><td><div class="stacktrace">java.lang.AssertionError: The following asserts failed:
	expected [Ñåìåñòð óíèâåðñèòåòà â Óêðàèíå ñòîèò íåäåøåâî è äàæå åñëè ðå÷ü èäåò î áþäæåòíîé ôîðìå, ðàñõîäîâ íå èçáåæàòü: êàíöåëÿðèÿ, ó÷åáíèêè, àðåíäà æèëüÿ, îïëàòà êóðñîâ è äàæå ïðîåçä äîìîé. Ãäå âçÿòü äåíüãè è ÷òî äåëàòü, åñëè îíè íóæíû óæå ñåãîäíÿ?] but found [Êîãäà íà÷èíàþò çâîíèòü ñîòðóäíèêè êîëëåêòîðñêîé êîìïàíèè, íà÷èíàåøü äóìàòü î òîì, íàñêîëüêî çàêîííû èõ äåéñòâèÿ è ñòîèò ëè èì ïëàòèòü? Èìååò ëè áàíê ïðàâî «ïîäêëþ÷èòü» ê ðàáîòå 3-õ ëèö, åñëè ïðîöåññ âçûñêàíèÿ ñòàíåò ýôôåêòèâíåå?],
	expected [http://dev2.mycredit.com.ua/ru/blog/gde-vzyat-kredit-studentam-na-obuchenie/] but found [http://dev2.mycredit.com.ua/ru/blog/kak-ne-platit-kredit-kollektoram-v-ukraine/]
	at Tests.BlogTest.TestAboutShare54(BlogTest.java:731)
... Removed 36 stack frames</div></td></tr></table><p class="totop"><a href="#summary">back to summary</a></p><h3 id="m22">Tests.BlogTest#TestAboutShare55</h3><table class="result"><tr><th>Exception</th></tr><tr><td><div class="stacktrace">java.lang.AssertionError: The following asserts failed:
	expected [Ñåìåñòð óíèâåðñèòåòà â Óêðàèíå ñòîèò íåäåøåâî è äàæå åñëè ðå÷ü èäåò î áþäæåòíîé ôîðìå, ðàñõîäîâ íå èçáåæàòü: êàíöåëÿðèÿ, ó÷åáíèêè, àðåíäà æèëüÿ, îïëàòà êóðñîâ è äàæå ïðîåçä äîìîé. Ãäå âçÿòü äåíüãè è ÷òî äåëàòü, åñëè îíè íóæíû óæå ñåãîäíÿ?] but found [Êîãäà íà÷èíàþò çâîíèòü ñîòðóäíèêè êîëëåêòîðñêîé êîìïàíèè, íà÷èíàåøü äóìàòü î òîì, íàñêîëüêî çàêîííû èõ äåéñòâèÿ è ñòîèò ëè èì ïëàòèòü? Èìååò ëè áàíê ïðàâî «ïîäêëþ÷èòü» ê ðàáîòå 3-õ ëèö, åñëè ïðîöåññ âçûñêàíèÿ ñòàíåò ýôôåêòèâíåå?],
	expected [http://dev2.mycredit.com.ua/ru/blog/gde-vzyat-kredit-studentam-na-obuchenie/] but found [http://dev2.mycredit.com.ua/ru/blog/kak-ne-platit-kredit-kollektoram-v-ukraine/]
	at Tests.BlogTest.TestAboutShare55(BlogTest.java:751)
... Removed 36 stack frames</div></td></tr></table><p class="totop"><a href="#summary">back to summary</a></p><h3 id="m23">Tests.BlogTest#TestAboutShare56</h3><table class="result"><tr><th>Exception</th></tr><tr><td><div class="stacktrace">java.lang.AssertionError: The following asserts failed:
	expected [Ñåìåñòð óíèâåðñèòåòà â Óêðàèíå ñòîèò íåäåøåâî è äàæå åñëè ðå÷ü èäåò î áþäæåòíîé ôîðìå, ðàñõîäîâ íå èçáåæàòü: êàíöåëÿðèÿ, ó÷åáíèêè, àðåíäà æèëüÿ, îïëàòà êóðñîâ è äàæå ïðîåçä äîìîé. Ãäå âçÿòü äåíüãè è ÷òî äåëàòü, åñëè îíè íóæíû óæå ñåãîäíÿ?] but found [Êîãäà íà÷èíàþò çâîíèòü ñîòðóäíèêè êîëëåêòîðñêîé êîìïàíèè, íà÷èíàåøü äóìàòü î òîì, íàñêîëüêî çàêîííû èõ äåéñòâèÿ è ñòîèò ëè èì ïëàòèòü? Èìååò ëè áàíê ïðàâî «ïîäêëþ÷èòü» ê ðàáîòå 3-õ ëèö, åñëè ïðîöåññ âçûñêàíèÿ ñòàíåò ýôôåêòèâíåå?],
	expected [http://dev2.mycredit.com.ua/ru/blog/gde-vzyat-kredit-studentam-na-obuchenie/] but found [http://dev2.mycredit.com.ua/ru/blog/kak-ne-platit-kredit-kollektoram-v-ukraine/]
	at Tests.BlogTest.TestAboutShare56(BlogTest.java:762)
... Removed 36 stack frames</div></td></tr></table><p class="totop"><a href="#summary">back to summary</a></p><h3 id="m24">Tests.BlogTest#TestAboutShare57</h3><table class="result"><tr><th>Exception</th></tr><tr><td><div class="stacktrace">java.lang.AssertionError: The following asserts failed:
	expected [Ñåìåñòð óíèâåðñèòåòà â Óêðàèíå ñòîèò íåäåøåâî è äàæå åñëè ðå÷ü èäåò î áþäæåòíîé ôîðìå, ðàñõîäîâ íå èçáåæàòü: êàíöåëÿðèÿ, ó÷åáíèêè, àðåíäà æèëüÿ, îïëàòà êóðñîâ è äàæå ïðîåçä äîìîé. Ãäå âçÿòü äåíüãè è ÷òî äåëàòü, åñëè îíè íóæíû óæå ñåãîäíÿ?] but found [Êîãäà íà÷èíàþò çâîíèòü ñîòðóäíèêè êîëëåêòîðñêîé êîìïàíèè, íà÷èíàåøü äóìàòü î òîì, íàñêîëüêî çàêîííû èõ äåéñòâèÿ è ñòîèò ëè èì ïëàòèòü? Èìååò ëè áàíê ïðàâî «ïîäêëþ÷èòü» ê ðàáîòå 3-õ ëèö, åñëè ïðîöåññ âçûñêàíèÿ ñòàíåò ýôôåêòèâíåå?],
	expected [http://dev2.mycredit.com.ua/ru/blog/gde-vzyat-kredit-studentam-na-obuchenie/] but found [http://dev2.mycredit.com.ua/ru/blog/kak-ne-platit-kredit-kollektoram-v-ukraine/]
	at Tests.BlogTest.TestAboutShare57(BlogTest.java:773)
... Removed 36 stack frames</div></td></tr></table><p class="totop"><a href="#summary">back to summary</a></p><h3 id="m25">Tests.BlogTest#TestAboutShare58</h3><table class="result"><tr><th>Exception</th></tr><tr><td><div class="stacktrace">java.lang.AssertionError: The following asserts failed:
	expected [Ñåìåñòð óíèâåðñèòåòà â Óêðàèíå ñòîèò íåäåøåâî è äàæå åñëè ðå÷ü èäåò î áþäæåòíîé ôîðìå, ðàñõîäîâ íå èçáåæàòü: êàíöåëÿðèÿ, ó÷åáíèêè, àðåíäà æèëüÿ, îïëàòà êóðñîâ è äàæå ïðîåçä äîìîé. Ãäå âçÿòü äåíüãè è ÷òî äåëàòü, åñëè îíè íóæíû óæå ñåãîäíÿ?] but found [Êîãäà íà÷èíàþò çâîíèòü ñîòðóäíèêè êîëëåêòîðñêîé êîìïàíèè, íà÷èíàåøü äóìàòü î òîì, íàñêîëüêî çàêîííû èõ äåéñòâèÿ è ñòîèò ëè èì ïëàòèòü? Èìååò ëè áàíê ïðàâî «ïîäêëþ÷èòü» ê ðàáîòå 3-õ ëèö, åñëè ïðîöåññ âçûñêàíèÿ ñòàíåò ýôôåêòèâíåå?],
	expected [http://dev2.mycredit.com.ua/ru/blog/gde-vzyat-kredit-studentam-na-obuchenie/] but found [http://dev2.mycredit.com.ua/ru/blog/kak-ne-platit-kredit-kollektoram-v-ukraine/]
	at Tests.BlogTest.TestAboutShare58(BlogTest.java:784)
... Removed 36 stack frames</div></td></tr></table><p class="totop"><a href="#summary">back to summary</a></p><h3 id="m26">Tests.BlogTest#TestAboutShare59</h3><table class="result"><tr><th>Exception</th></tr><tr><td><div class="stacktrace">java.lang.AssertionError: The following asserts failed:
	expected [Ñåìåñòð óíèâåðñèòåòà â Óêðàèíå ñòîèò íåäåøåâî è äàæå åñëè ðå÷ü èäåò î áþäæåòíîé ôîðìå, ðàñõîäîâ íå èçáåæàòü: êàíöåëÿðèÿ, ó÷åáíèêè, àðåíäà æèëüÿ, îïëàòà êóðñîâ è äàæå ïðîåçä äîìîé. Ãäå âçÿòü äåíüãè è ÷òî äåëàòü, åñëè îíè íóæíû óæå ñåãîäíÿ?] but found [Êîãäà íà÷èíàþò çâîíèòü ñîòðóäíèêè êîëëåêòîðñêîé êîìïàíèè, íà÷èíàåøü äóìàòü î òîì, íàñêîëüêî çàêîííû èõ äåéñòâèÿ è ñòîèò ëè èì ïëàòèòü? Èìååò ëè áàíê ïðàâî «ïîäêëþ÷èòü» ê ðàáîòå 3-õ ëèö, åñëè ïðîöåññ âçûñêàíèÿ ñòàíåò ýôôåêòèâíåå?],
	expected [http://dev2.mycredit.com.ua/ru/blog/gde-vzyat-kredit-studentam-na-obuchenie/] but found [http://dev2.mycredit.com.ua/ru/blog/kak-ne-platit-kredit-kollektoram-v-ukraine/]
	at Tests.BlogTest.TestAboutShare59(BlogTest.java:795)
... Removed 36 stack frames</div></td></tr></table><p class="totop"><a href="#summary">back to summary</a></p><h3 id="m27">Tests.BlogTest#TestAboutShare6</h3><table class="result"><tr><th>Exception</th></tr><tr><td><div class="stacktrace">java.lang.AssertionError: The following asserts failed:
	expected [Ñåìåñòð óíèâåðñèòåòà â Óêðàèíå ñòîèò íåäåøåâî è äàæå åñëè ðå÷ü èäåò î áþäæåòíîé ôîðìå, ðàñõîäîâ íå èçáåæàòü: êàíöåëÿðèÿ, ó÷åáíèêè, àðåíäà æèëüÿ, îïëàòà êóðñîâ è äàæå ïðîåçä äîìîé. Ãäå âçÿòü äåíüãè è ÷òî äåëàòü, åñëè îíè íóæíû óæå ñåãîäíÿ?] but found [Êîãäà íà÷èíàþò çâîíèòü ñîòðóäíèêè êîëëåêòîðñêîé êîìïàíèè, íà÷èíàåøü äóìàòü î òîì, íàñêîëüêî çàêîííû èõ äåéñòâèÿ è ñòîèò ëè èì ïëàòèòü? Èìååò ëè áàíê ïðàâî «ïîäêëþ÷èòü» ê ðàáîòå 3-õ ëèö, åñëè ïðîöåññ âçûñêàíèÿ ñòàíåò ýôôåêòèâíåå?],
	expected [http://dev2.mycredit.com.ua/ru/blog/gde-vzyat-kredit-studentam-na-obuchenie/] but found [http://dev2.mycredit.com.ua/ru/blog/kak-ne-platit-kredit-kollektoram-v-ukraine/]
	at Tests.BlogTest.TestAboutShare6(BlogTest.java:108)
... Removed 36 stack frames</div></td></tr></table><p class="totop"><a href="#summary">back to summary</a></p><h3 id="m28">Tests.BlogTest#TestAboutShare60</h3><table class="result"><tr><th>Exception</th></tr><tr><td><div class="stacktrace">java.lang.AssertionError: The following asserts failed:
	expected [Ñåìåñòð óíèâåðñèòåòà â Óêðàèíå ñòîèò íåäåøåâî è äàæå åñëè ðå÷ü èäåò î áþäæåòíîé ôîðìå, ðàñõîäîâ íå èçáåæàòü: êàíöåëÿðèÿ, ó÷åáíèêè, àðåíäà æèëüÿ, îïëàòà êóðñîâ è äàæå ïðîåçä äîìîé. Ãäå âçÿòü äåíüãè è ÷òî äåëàòü, åñëè îíè íóæíû óæå ñåãîäíÿ?] but found [Êîãäà íà÷èíàþò çâîíèòü ñîòðóäíèêè êîëëåêòîðñêîé êîìïàíèè, íà÷èíàåøü äóìàòü î òîì, íàñêîëüêî çàêîííû èõ äåéñòâèÿ è ñòîèò ëè èì ïëàòèòü? Èìååò ëè áàíê ïðàâî «ïîäêëþ÷èòü» ê ðàáîòå 3-õ ëèö, åñëè ïðîöåññ âçûñêàíèÿ ñòàíåò ýôôåêòèâíåå?],
	expected [http://dev2.mycredit.com.ua/ru/blog/gde-vzyat-kredit-studentam-na-obuchenie/] but found [http://dev2.mycredit.com.ua/ru/blog/kak-ne-platit-kredit-kollektoram-v-ukraine/]
	at Tests.BlogTest.TestAboutShare60(BlogTest.java:806)
... Removed 36 stack frames</div></td></tr></table><p class="totop"><a href="#summary">back to summary</a></p><h3 id="m29">Tests.BlogTest#TestAboutShare61</h3><table class="result"><tr><th>Exception</th></tr><tr><td><div class="stacktrace">java.lang.AssertionError: The following asserts failed:
	expected [Ñåìåñòð óíèâåðñèòåòà â Óêðàèíå ñòîèò íåäåøåâî è äàæå åñëè ðå÷ü èäåò î áþäæåòíîé ôîðìå, ðàñõîäîâ íå èçáåæàòü: êàíöåëÿðèÿ, ó÷åáíèêè, àðåíäà æèëüÿ, îïëàòà êóðñîâ è äàæå ïðîåçä äîìîé. Ãäå âçÿòü äåíüãè è ÷òî äåëàòü, åñëè îíè íóæíû óæå ñåãîäíÿ?] but found [Êîãäà íà÷èíàþò çâîíèòü ñîòðóäíèêè êîëëåêòîðñêîé êîìïàíèè, íà÷èíàåøü äóìàòü î òîì, íàñêîëüêî çàêîííû èõ äåéñòâèÿ è ñòîèò ëè èì ïëàòèòü? Èìååò ëè áàíê ïðàâî «ïîäêëþ÷èòü» ê ðàáîòå 3-õ ëèö, åñëè ïðîöåññ âçûñêàíèÿ ñòàíåò ýôôåêòèâíåå?],
	expected [http://dev2.mycredit.com.ua/ru/blog/gde-vzyat-kredit-studentam-na-obuchenie/] but found [http://dev2.mycredit.com.ua/ru/blog/kak-ne-platit-kredit-kollektoram-v-ukraine/]
	at Tests.BlogTest.TestAboutShare61(BlogTest.java:826)
... Removed 36 stack frames</div></td></tr></table><p class="totop"><a href="#summary">back to summary</a></p><h3 id="m30">Tests.BlogTest#TestAboutShare62</h3><table class="result"><tr><th>Exception</th></tr><tr><td><div class="stacktrace">java.lang.AssertionError: The following asserts failed:
	expected [Ñåìåñòð óíèâåðñèòåòà â Óêðàèíå ñòîèò íåäåøåâî è äàæå åñëè ðå÷ü èäåò î áþäæåòíîé ôîðìå, ðàñõîäîâ íå èçáåæàòü: êàíöåëÿðèÿ, ó÷åáíèêè, àðåíäà æèëüÿ, îïëàòà êóðñîâ è äàæå ïðîåçä äîìîé. Ãäå âçÿòü äåíüãè è ÷òî äåëàòü, åñëè îíè íóæíû óæå ñåãîäíÿ?] but found [Êîãäà íà÷èíàþò çâîíèòü ñîòðóäíèêè êîëëåêòîðñêîé êîìïàíèè, íà÷èíàåøü äóìàòü î òîì, íàñêîëüêî çàêîííû èõ äåéñòâèÿ è ñòîèò ëè èì ïëàòèòü? Èìååò ëè áàíê ïðàâî «ïîäêëþ÷èòü» ê ðàáîòå 3-õ ëèö, åñëè ïðîöåññ âçûñêàíèÿ ñòàíåò ýôôåêòèâíåå?],
	expected [http://dev2.mycredit.com.ua/ru/blog/gde-vzyat-kredit-studentam-na-obuchenie/] but found [http://dev2.mycredit.com.ua/ru/blog/kak-ne-platit-kredit-kollektoram-v-ukraine/]
	at Tests.BlogTest.TestAboutShare62(BlogTest.java:837)
... Removed 36 stack frames</div></td></tr></table><p class="totop"><a href="#summary">back to summary</a></p><h3 id="m31">Tests.BlogTest#TestAboutShare63</h3><table class="result"><tr><th>Exception</th></tr><tr><td><div class="stacktrace">java.lang.AssertionError: The following asserts failed:
	expected [Ñåìåñòð óíèâåðñèòåòà â Óêðàèíå ñòîèò íåäåøåâî è äàæå åñëè ðå÷ü èäåò î áþäæåòíîé ôîðìå, ðàñõîäîâ íå èçáåæàòü: êàíöåëÿðèÿ, ó÷åáíèêè, àðåíäà æèëüÿ, îïëàòà êóðñîâ è äàæå ïðîåçä äîìîé. Ãäå âçÿòü äåíüãè è ÷òî äåëàòü, åñëè îíè íóæíû óæå ñåãîäíÿ?] but found [Êîãäà íà÷èíàþò çâîíèòü ñîòðóäíèêè êîëëåêòîðñêîé êîìïàíèè, íà÷èíàåøü äóìàòü î òîì, íàñêîëüêî çàêîííû èõ äåéñòâèÿ è ñòîèò ëè èì ïëàòèòü? Èìååò ëè áàíê ïðàâî «ïîäêëþ÷èòü» ê ðàáîòå 3-õ ëèö, åñëè ïðîöåññ âçûñêàíèÿ ñòàíåò ýôôåêòèâíåå?],
	expected [http://dev2.mycredit.com.ua/ru/blog/gde-vzyat-kredit-studentam-na-obuchenie/] but found [http://dev2.mycredit.com.ua/ru/blog/kak-ne-platit-kredit-kollektoram-v-ukraine/]
	at Tests.BlogTest.TestAboutShare63(BlogTest.java:848)
... Removed 36 stack frames</div></td></tr></table><p class="totop"><a href="#summary">back to summary</a></p><h3 id="m32">Tests.BlogTest#TestAboutShare64</h3><table class="result"><tr><th>Exception</th></tr><tr><td><div class="stacktrace">java.lang.AssertionError: The following asserts failed:
	expected [Ñåìåñòð óíèâåðñèòåòà â Óêðàèíå ñòîèò íåäåøåâî è äàæå åñëè ðå÷ü èäåò î áþäæåòíîé ôîðìå, ðàñõîäîâ íå èçáåæàòü: êàíöåëÿðèÿ, ó÷åáíèêè, àðåíäà æèëüÿ, îïëàòà êóðñîâ è äàæå ïðîåçä äîìîé. Ãäå âçÿòü äåíüãè è ÷òî äåëàòü, åñëè îíè íóæíû óæå ñåãîäíÿ?] but found [Êîãäà íà÷èíàþò çâîíèòü ñîòðóäíèêè êîëëåêòîðñêîé êîìïàíèè, íà÷èíàåøü äóìàòü î òîì, íàñêîëüêî çàêîííû èõ äåéñòâèÿ è ñòîèò ëè èì ïëàòèòü? Èìååò ëè áàíê ïðàâî «ïîäêëþ÷èòü» ê ðàáîòå 3-õ ëèö, åñëè ïðîöåññ âçûñêàíèÿ ñòàíåò ýôôåêòèâíåå?],
	expected [http://dev2.mycredit.com.ua/ru/blog/gde-vzyat-kredit-studentam-na-obuchenie/] but found [http://dev2.mycredit.com.ua/ru/blog/kak-ne-platit-kredit-kollektoram-v-ukraine/]
	at Tests.BlogTest.TestAboutShare64(BlogTest.java:859)
... Removed 36 stack frames</div></td></tr></table><p class="totop"><a href="#summary">back to summary</a></p><h3 id="m33">Tests.BlogTest#TestAboutShare65</h3><table class="result"><tr><th>Exception</th></tr><tr><td><div class="stacktrace">java.lang.AssertionError: The following asserts failed:
	expected [Ñåìåñòð óíèâåðñèòåòà â Óêðàèíå ñòîèò íåäåøåâî è äàæå åñëè ðå÷ü èäåò î áþäæåòíîé ôîðìå, ðàñõîäîâ íå èçáåæàòü: êàíöåëÿðèÿ, ó÷åáíèêè, àðåíäà æèëüÿ, îïëàòà êóðñîâ è äàæå ïðîåçä äîìîé. Ãäå âçÿòü äåíüãè è ÷òî äåëàòü, åñëè îíè íóæíû óæå ñåãîäíÿ?] but found [Êîãäà íà÷èíàþò çâîíèòü ñîòðóäíèêè êîëëåêòîðñêîé êîìïàíèè, íà÷èíàåøü äóìàòü î òîì, íàñêîëüêî çàêîííû èõ äåéñòâèÿ è ñòîèò ëè èì ïëàòèòü? Èìååò ëè áàíê ïðàâî «ïîäêëþ÷èòü» ê ðàáîòå 3-õ ëèö, åñëè ïðîöåññ âçûñêàíèÿ ñòàíåò ýôôåêòèâíåå?],
	expected [http://dev2.mycredit.com.ua/ru/blog/gde-vzyat-kredit-studentam-na-obuchenie/] but found [http://dev2.mycredit.com.ua/ru/blog/kak-ne-platit-kredit-kollektoram-v-ukraine/]
	at Tests.BlogTest.TestAboutShare65(BlogTest.java:870)
... Removed 36 stack frames</div></td></tr></table><p class="totop"><a href="#summary">back to summary</a></p><h3 id="m34">Tests.BlogTest#TestAboutShare66</h3><table class="result"><tr><th>Exception</th></tr><tr><td><div class="stacktrace">java.lang.AssertionError: The following asserts failed:
	expected [Ñåìåñòð óíèâåðñèòåòà â Óêðàèíå ñòîèò íåäåøåâî è äàæå åñëè ðå÷ü èäåò î áþäæåòíîé ôîðìå, ðàñõîäîâ íå èçáåæàòü: êàíöåëÿðèÿ, ó÷åáíèêè, àðåíäà æèëüÿ, îïëàòà êóðñîâ è äàæå ïðîåçä äîìîé. Ãäå âçÿòü äåíüãè è ÷òî äåëàòü, åñëè îíè íóæíû óæå ñåãîäíÿ?] but found [Êîãäà íà÷èíàþò çâîíèòü ñîòðóäíèêè êîëëåêòîðñêîé êîìïàíèè, íà÷èíàåøü äóìàòü î òîì, íàñêîëüêî çàêîííû èõ äåéñòâèÿ è ñòîèò ëè èì ïëàòèòü? Èìååò ëè áàíê ïðàâî «ïîäêëþ÷èòü» ê ðàáîòå 3-õ ëèö, åñëè ïðîöåññ âçûñêàíèÿ ñòàíåò ýôôåêòèâíåå?],
	expected [http://dev2.mycredit.com.ua/ru/blog/gde-vzyat-kredit-studentam-na-obuchenie/] but found [http://dev2.mycredit.com.ua/ru/blog/kak-ne-platit-kredit-kollektoram-v-ukraine/]
	at Tests.BlogTest.TestAboutShare66(BlogTest.java:881)
... Removed 36 stack frames</div></td></tr></table><p class="totop"><a href="#summary">back to summary</a></p><h3 id="m35">Tests.BlogTest#TestAboutShare67</h3><table class="result"><tr><th>Exception</th></tr><tr><td><div class="stacktrace">java.lang.AssertionError: The following asserts failed:
	expected [Ñåìåñòð óíèâåðñèòåòà â Óêðàèíå ñòîèò íåäåøåâî è äàæå åñëè ðå÷ü èäåò î áþäæåòíîé ôîðìå, ðàñõîäîâ íå èçáåæàòü: êàíöåëÿðèÿ, ó÷åáíèêè, àðåíäà æèëüÿ, îïëàòà êóðñîâ è äàæå ïðîåçä äîìîé. Ãäå âçÿòü äåíüãè è ÷òî äåëàòü, åñëè îíè íóæíû óæå ñåãîäíÿ?] but found [Êîãäà íà÷èíàþò çâîíèòü ñîòðóäíèêè êîëëåêòîðñêîé êîìïàíèè, íà÷èíàåøü äóìàòü î òîì, íàñêîëüêî çàêîííû èõ äåéñòâèÿ è ñòîèò ëè èì ïëàòèòü? Èìååò ëè áàíê ïðàâî «ïîäêëþ÷èòü» ê ðàáîòå 3-õ ëèö, åñëè ïðîöåññ âçûñêàíèÿ ñòàíåò ýôôåêòèâíåå?],
	expected [http://dev2.mycredit.com.ua/ru/blog/gde-vzyat-kredit-studentam-na-obuchenie/] but found [http://dev2.mycredit.com.ua/ru/blog/kak-ne-platit-kredit-kollektoram-v-ukraine/]
	at Tests.BlogTest.TestAboutShare67(BlogTest.java:901)
... Removed 36 stack frames</div></td></tr></table><p class="totop"><a href="#summary">back to summary</a></p><h3 id="m36">Tests.BlogTest#TestAboutShare68</h3><table class="result"><tr><th>Exception</th></tr><tr><td><div class="stacktrace">java.lang.AssertionError: The following asserts failed:
	expected [Ñåìåñòð óíèâåðñèòåòà â Óêðàèíå ñòîèò íåäåøåâî è äàæå åñëè ðå÷ü èäåò î áþäæåòíîé ôîðìå, ðàñõîäîâ íå èçáåæàòü: êàíöåëÿðèÿ, ó÷åáíèêè, àðåíäà æèëüÿ, îïëàòà êóðñîâ è äàæå ïðîåçä äîìîé. Ãäå âçÿòü äåíüãè è ÷òî äåëàòü, åñëè îíè íóæíû óæå ñåãîäíÿ?] but found [Êîãäà íà÷èíàþò çâîíèòü ñîòðóäíèêè êîëëåêòîðñêîé êîìïàíèè, íà÷èíàåøü äóìàòü î òîì, íàñêîëüêî çàêîííû èõ äåéñòâèÿ è ñòîèò ëè èì ïëàòèòü? Èìååò ëè áàíê ïðàâî «ïîäêëþ÷èòü» ê ðàáîòå 3-õ ëèö, åñëè ïðîöåññ âçûñêàíèÿ ñòàíåò ýôôåêòèâíåå?],
	expected [http://dev2.mycredit.com.ua/ru/blog/gde-vzyat-kredit-studentam-na-obuchenie/] but found [http://dev2.mycredit.com.ua/ru/blog/kak-ne-platit-kredit-kollektoram-v-ukraine/]
	at Tests.BlogTest.TestAboutShare68(BlogTest.java:912)
... Removed 36 stack frames</div></td></tr></table><p class="totop"><a href="#summary">back to summary</a></p><h3 id="m37">Tests.BlogTest#TestAboutShare69</h3><table class="result"><tr><th>Exception</th></tr><tr><td><div class="stacktrace">java.lang.AssertionError: The following asserts failed:
	expected [Ñåìåñòð óíèâåðñèòåòà â Óêðàèíå ñòîèò íåäåøåâî è äàæå åñëè ðå÷ü èäåò î áþäæåòíîé ôîðìå, ðàñõîäîâ íå èçáåæàòü: êàíöåëÿðèÿ, ó÷åáíèêè, àðåíäà æèëüÿ, îïëàòà êóðñîâ è äàæå ïðîåçä äîìîé. Ãäå âçÿòü äåíüãè è ÷òî äåëàòü, åñëè îíè íóæíû óæå ñåãîäíÿ?] but found [Êîãäà íà÷èíàþò çâîíèòü ñîòðóäíèêè êîëëåêòîðñêîé êîìïàíèè, íà÷èíàåøü äóìàòü î òîì, íàñêîëüêî çàêîííû èõ äåéñòâèÿ è ñòîèò ëè èì ïëàòèòü? Èìååò ëè áàíê ïðàâî «ïîäêëþ÷èòü» ê ðàáîòå 3-õ ëèö, åñëè ïðîöåññ âçûñêàíèÿ ñòàíåò ýôôåêòèâíåå?],
	expected [http://dev2.mycredit.com.ua/ru/blog/gde-vzyat-kredit-studentam-na-obuchenie/] but found [http://dev2.mycredit.com.ua/ru/blog/kak-ne-platit-kredit-kollektoram-v-ukraine/]
	at Tests.BlogTest.TestAboutShare69(BlogTest.java:923)
... Removed 36 stack frames</div></td></tr></table><p class="totop"><a href="#summary">back to summary</a></p><h3 id="m38">Tests.BlogTest#TestAboutShare7</h3><table class="result"><tr><th>Exception</th></tr><tr><td><div class="stacktrace">java.lang.AssertionError: The following asserts failed:
	expected [Ñåìåñòð óíèâåðñèòåòà â Óêðàèíå ñòîèò íåäåøåâî è äàæå åñëè ðå÷ü èäåò î áþäæåòíîé ôîðìå, ðàñõîäîâ íå èçáåæàòü: êàíöåëÿðèÿ, ó÷åáíèêè, àðåíäà æèëüÿ, îïëàòà êóðñîâ è äàæå ïðîåçä äîìîé. Ãäå âçÿòü äåíüãè è ÷òî äåëàòü, åñëè îíè íóæíû óæå ñåãîäíÿ?] but found [Êîãäà íà÷èíàþò çâîíèòü ñîòðóäíèêè êîëëåêòîðñêîé êîìïàíèè, íà÷èíàåøü äóìàòü î òîì, íàñêîëüêî çàêîííû èõ äåéñòâèÿ è ñòîèò ëè èì ïëàòèòü? Èìååò ëè áàíê ïðàâî «ïîäêëþ÷èòü» ê ðàáîòå 3-õ ëèö, åñëè ïðîöåññ âçûñêàíèÿ ñòàíåò ýôôåêòèâíåå?],
	expected [http://dev2.mycredit.com.ua/ru/blog/gde-vzyat-kredit-studentam-na-obuchenie/] but found [http://dev2.mycredit.com.ua/ru/blog/kak-ne-platit-kredit-kollektoram-v-ukraine/]
	at Tests.BlogTest.TestAboutShare7(BlogTest.java:151)
... Removed 36 stack frames</div></td></tr></table><p class="totop"><a href="#summary">back to summary</a></p><h3 id="m39">Tests.BlogTest#TestAboutShare70</h3><table class="result"><tr><th>Exception</th></tr><tr><td><div class="stacktrace">java.lang.AssertionError: The following asserts failed:
	expected [Ñåìåñòð óíèâåðñèòåòà â Óêðàèíå ñòîèò íåäåøåâî è äàæå åñëè ðå÷ü èäåò î áþäæåòíîé ôîðìå, ðàñõîäîâ íå èçáåæàòü: êàíöåëÿðèÿ, ó÷åáíèêè, àðåíäà æèëüÿ, îïëàòà êóðñîâ è äàæå ïðîåçä äîìîé. Ãäå âçÿòü äåíüãè è ÷òî äåëàòü, åñëè îíè íóæíû óæå ñåãîäíÿ?] but found [Êîãäà íà÷èíàþò çâîíèòü ñîòðóäíèêè êîëëåêòîðñêîé êîìïàíèè, íà÷èíàåøü äóìàòü î òîì, íàñêîëüêî çàêîííû èõ äåéñòâèÿ è ñòîèò ëè èì ïëàòèòü? Èìååò ëè áàíê ïðàâî «ïîäêëþ÷èòü» ê ðàáîòå 3-õ ëèö, åñëè ïðîöåññ âçûñêàíèÿ ñòàíåò ýôôåêòèâíåå?],
	expected [http://dev2.mycredit.com.ua/ru/blog/gde-vzyat-kredit-studentam-na-obuchenie/] but found [http://dev2.mycredit.com.ua/ru/blog/kak-ne-platit-kredit-kollektoram-v-ukraine/]
	at Tests.BlogTest.TestAboutShare70(BlogTest.java:934)
... Removed 36 stack frames</div></td></tr></table><p class="totop"><a href="#summary">back to summary</a></p><h3 id="m40">Tests.BlogTest#TestAboutShare71</h3><table class="result"><tr><th>Exception</th></tr><tr><td><div class="stacktrace">java.lang.AssertionError: The following asserts failed:
	expected [Ñåìåñòð óíèâåðñèòåòà â Óêðàèíå ñòîèò íåäåøåâî è äàæå åñëè ðå÷ü èäåò î áþäæåòíîé ôîðìå, ðàñõîäîâ íå èçáåæàòü: êàíöåëÿðèÿ, ó÷åáíèêè, àðåíäà æèëüÿ, îïëàòà êóðñîâ è äàæå ïðîåçä äîìîé. Ãäå âçÿòü äåíüãè è ÷òî äåëàòü, åñëè îíè íóæíû óæå ñåãîäíÿ?] but found [Êîãäà íà÷èíàþò çâîíèòü ñîòðóäíèêè êîëëåêòîðñêîé êîìïàíèè, íà÷èíàåøü äóìàòü î òîì, íàñêîëüêî çàêîííû èõ äåéñòâèÿ è ñòîèò ëè èì ïëàòèòü? Èìååò ëè áàíê ïðàâî «ïîäêëþ÷èòü» ê ðàáîòå 3-õ ëèö, åñëè ïðîöåññ âçûñêàíèÿ ñòàíåò ýôôåêòèâíåå?],
	expected [http://dev2.mycredit.com.ua/ru/blog/gde-vzyat-kredit-studentam-na-obuchenie/] but found [http://dev2.mycredit.com.ua/ru/blog/kak-ne-platit-kredit-kollektoram-v-ukraine/]
	at Tests.BlogTest.TestAboutShare71(BlogTest.java:945)
... Removed 36 stack frames</div></td></tr></table><p class="totop"><a href="#summary">back to summary</a></p><h3 id="m41">Tests.BlogTest#TestAboutShare72</h3><table class="result"><tr><th>Exception</th></tr><tr><td><div class="stacktrace">java.lang.AssertionError: The following asserts failed:
	expected [Ñåìåñòð óíèâåðñèòåòà â Óêðàèíå ñòîèò íåäåøåâî è äàæå åñëè ðå÷ü èäåò î áþäæåòíîé ôîðìå, ðàñõîäîâ íå èçáåæàòü: êàíöåëÿðèÿ, ó÷åáíèêè, àðåíäà æèëüÿ, îïëàòà êóðñîâ è äàæå ïðîåçä äîìîé. Ãäå âçÿòü äåíüãè è ÷òî äåëàòü, åñëè îíè íóæíû óæå ñåãîäíÿ?] but found [Êîãäà íà÷èíàþò çâîíèòü ñîòðóäíèêè êîëëåêòîðñêîé êîìïàíèè, íà÷èíàåøü äóìàòü î òîì, íàñêîëüêî çàêîííû èõ äåéñòâèÿ è ñòîèò ëè èì ïëàòèòü? Èìååò ëè áàíê ïðàâî «ïîäêëþ÷èòü» ê ðàáîòå 3-õ ëèö, åñëè ïðîöåññ âçûñêàíèÿ ñòàíåò ýôôåêòèâíåå?],
	expected [http://dev2.mycredit.com.ua/ru/blog/gde-vzyat-kredit-studentam-na-obuchenie/] but found [http://dev2.mycredit.com.ua/ru/blog/kak-ne-platit-kredit-kollektoram-v-ukraine/]
	at Tests.BlogTest.TestAboutShare72(BlogTest.java:956)
... Removed 36 stack frames</div></td></tr></table><p class="totop"><a href="#summary">back to summary</a></p><h3 id="m42">Tests.BlogTest#TestAboutShare73</h3><table class="result"><tr><th>Exception</th></tr><tr><td><div class="stacktrace">java.lang.AssertionError: The following asserts failed:
	expected [Ñåìåñòð óíèâåðñèòåòà â Óêðàèíå ñòîèò íåäåøåâî è äàæå åñëè ðå÷ü èäåò î áþäæåòíîé ôîðìå, ðàñõîäîâ íå èçáåæàòü: êàíöåëÿðèÿ, ó÷åáíèêè, àðåíäà æèëüÿ, îïëàòà êóðñîâ è äàæå ïðîåçä äîìîé. Ãäå âçÿòü äåíüãè è ÷òî äåëàòü, åñëè îíè íóæíû óæå ñåãîäíÿ?] but found [Êîãäà íà÷èíàþò çâîíèòü ñîòðóäíèêè êîëëåêòîðñêîé êîìïàíèè, íà÷èíàåøü äóìàòü î òîì, íàñêîëüêî çàêîííû èõ äåéñòâèÿ è ñòîèò ëè èì ïëàòèòü? Èìååò ëè áàíê ïðàâî «ïîäêëþ÷èòü» ê ðàáîòå 3-õ ëèö, åñëè ïðîöåññ âçûñêàíèÿ ñòàíåò ýôôåêòèâíåå?],
	expected [http://dev2.mycredit.com.ua/ru/blog/gde-vzyat-kredit-studentam-na-obuchenie/] but found [http://dev2.mycredit.com.ua/ru/blog/kak-ne-platit-kredit-kollektoram-v-ukraine/]
	at Tests.BlogTest.TestAboutShare73(BlogTest.java:976)
... Removed 36 stack frames</div></td></tr></table><p class="totop"><a href="#summary">back to summary</a></p><h3 id="m43">Tests.BlogTest#TestAboutShare74</h3><table class="result"><tr><th>Exception</th></tr><tr><td><div class="stacktrace">java.lang.AssertionError: The following asserts failed:
	expected [Ñåìåñòð óíèâåðñèòåòà â Óêðàèíå ñòîèò íåäåøåâî è äàæå åñëè ðå÷ü èäåò î áþäæåòíîé ôîðìå, ðàñõîäîâ íå èçáåæàòü: êàíöåëÿðèÿ, ó÷åáíèêè, àðåíäà æèëüÿ, îïëàòà êóðñîâ è äàæå ïðîåçä äîìîé. Ãäå âçÿòü äåíüãè è ÷òî äåëàòü, åñëè îíè íóæíû óæå ñåãîäíÿ?] but found [Êîãäà íà÷èíàþò çâîíèòü ñîòðóäíèêè êîëëåêòîðñêîé êîìïàíèè, íà÷èíàåøü äóìàòü î òîì, íàñêîëüêî çàêîííû èõ äåéñòâèÿ è ñòîèò ëè èì ïëàòèòü? Èìååò ëè áàíê ïðàâî «ïîäêëþ÷èòü» ê ðàáîòå 3-õ ëèö, åñëè ïðîöåññ âçûñêàíèÿ ñòàíåò ýôôåêòèâíåå?],
	expected [http://dev2.mycredit.com.ua/ru/blog/gde-vzyat-kredit-studentam-na-obuchenie/] but found [http://dev2.mycredit.com.ua/ru/blog/kak-ne-platit-kredit-kollektoram-v-ukraine/]
	at Tests.BlogTest.TestAboutShare74(BlogTest.java:987)
... Removed 36 stack frames</div></td></tr></table><p class="totop"><a href="#summary">back to summary</a></p><h3 id="m44">Tests.BlogTest#TestAboutShare75</h3><table class="result"><tr><th>Exception</th></tr><tr><td><div class="stacktrace">java.lang.AssertionError: The following asserts failed:
	expected [Ñåìåñòð óíèâåðñèòåòà â Óêðàèíå ñòîèò íåäåøåâî è äàæå åñëè ðå÷ü èäåò î áþäæåòíîé ôîðìå, ðàñõîäîâ íå èçáåæàòü: êàíöåëÿðèÿ, ó÷åáíèêè, àðåíäà æèëüÿ, îïëàòà êóðñîâ è äàæå ïðîåçä äîìîé. Ãäå âçÿòü äåíüãè è ÷òî äåëàòü, åñëè îíè íóæíû óæå ñåãîäíÿ?] but found [Êîãäà íà÷èíàþò çâîíèòü ñîòðóäíèêè êîëëåêòîðñêîé êîìïàíèè, íà÷èíàåøü äóìàòü î òîì, íàñêîëüêî çàêîííû èõ äåéñòâèÿ è ñòîèò ëè èì ïëàòèòü? Èìååò ëè áàíê ïðàâî «ïîäêëþ÷èòü» ê ðàáîòå 3-õ ëèö, åñëè ïðîöåññ âçûñêàíèÿ ñòàíåò ýôôåêòèâíåå?],
	expected [http://dev2.mycredit.com.ua/ru/blog/gde-vzyat-kredit-studentam-na-obuchenie/] but found [http://dev2.mycredit.com.ua/ru/blog/kak-ne-platit-kredit-kollektoram-v-ukraine/]
	at Tests.BlogTest.TestAboutShare75(BlogTest.java:998)
... Removed 36 stack frames</div></td></tr></table><p class="totop"><a href="#summary">back to summary</a></p><h3 id="m45">Tests.BlogTest#TestAboutShare76</h3><table class="result"><tr><th>Exception</th></tr><tr><td><div class="stacktrace">java.lang.AssertionError: The following asserts failed:
	expected [Ñåìåñòð óíèâåðñèòåòà â Óêðàèíå ñòîèò íåäåøåâî è äàæå åñëè ðå÷ü èäåò î áþäæåòíîé ôîðìå, ðàñõîäîâ íå èçáåæàòü: êàíöåëÿðèÿ, ó÷åáíèêè, àðåíäà æèëüÿ, îïëàòà êóðñîâ è äàæå ïðîåçä äîìîé. Ãäå âçÿòü äåíüãè è ÷òî äåëàòü, åñëè îíè íóæíû óæå ñåãîäíÿ?] but found [Êîãäà íà÷èíàþò çâîíèòü ñîòðóäíèêè êîëëåêòîðñêîé êîìïàíèè, íà÷èíàåøü äóìàòü î òîì, íàñêîëüêî çàêîííû èõ äåéñòâèÿ è ñòîèò ëè èì ïëàòèòü? Èìååò ëè áàíê ïðàâî «ïîäêëþ÷èòü» ê ðàáîòå 3-õ ëèö, åñëè ïðîöåññ âçûñêàíèÿ ñòàíåò ýôôåêòèâíåå?],
	expected [http://dev2.mycredit.com.ua/ru/blog/gde-vzyat-kredit-studentam-na-obuchenie/] but found [http://dev2.mycredit.com.ua/ru/blog/kak-ne-platit-kredit-kollektoram-v-ukraine/]
	at Tests.BlogTest.TestAboutShare76(BlogTest.java:1009)
... Removed 36 stack frames</div></td></tr></table><p class="totop"><a href="#summary">back to summary</a></p><h3 id="m46">Tests.BlogTest#TestAboutShare77</h3><table class="result"><tr><th>Exception</th></tr><tr><td><div class="stacktrace">java.lang.AssertionError: The following asserts failed:
	expected [Ñåìåñòð óíèâåðñèòåòà â Óêðàèíå ñòîèò íåäåøåâî è äàæå åñëè ðå÷ü èäåò î áþäæåòíîé ôîðìå, ðàñõîäîâ íå èçáåæàòü: êàíöåëÿðèÿ, ó÷åáíèêè, àðåíäà æèëüÿ, îïëàòà êóðñîâ è äàæå ïðîåçä äîìîé. Ãäå âçÿòü äåíüãè è ÷òî äåëàòü, åñëè îíè íóæíû óæå ñåãîäíÿ?] but found [Êîãäà íà÷èíàþò çâîíèòü ñîòðóäíèêè êîëëåêòîðñêîé êîìïàíèè, íà÷èíàåøü äóìàòü î òîì, íàñêîëüêî çàêîííû èõ äåéñòâèÿ è ñòîèò ëè èì ïëàòèòü? Èìååò ëè áàíê ïðàâî «ïîäêëþ÷èòü» ê ðàáîòå 3-õ ëèö, åñëè ïðîöåññ âçûñêàíèÿ ñòàíåò ýôôåêòèâíåå?],
	expected [http://dev2.mycredit.com.ua/ru/blog/gde-vzyat-kredit-studentam-na-obuchenie/] but found [http://dev2.mycredit.com.ua/ru/blog/kak-ne-platit-kredit-kollektoram-v-ukraine/]
	at Tests.BlogTest.TestAboutShare77(BlogTest.java:1020)
... Removed 36 stack frames</div></td></tr></table><p class="totop"><a href="#summary">back to summary</a></p><h3 id="m47">Tests.BlogTest#TestAboutShare78</h3><table class="result"><tr><th>Exception</th></tr><tr><td><div class="stacktrace">java.lang.AssertionError: The following asserts failed:
	expected [Ñåìåñòð óíèâåðñèòåòà â Óêðàèíå ñòîèò íåäåøåâî è äàæå åñëè ðå÷ü èäåò î áþäæåòíîé ôîðìå, ðàñõîäîâ íå èçáåæàòü: êàíöåëÿðèÿ, ó÷åáíèêè, àðåíäà æèëüÿ, îïëàòà êóðñîâ è äàæå ïðîåçä äîìîé. Ãäå âçÿòü äåíüãè è ÷òî äåëàòü, åñëè îíè íóæíû óæå ñåãîäíÿ?] but found [Êîãäà íà÷èíàþò çâîíèòü ñîòðóäíèêè êîëëåêòîðñêîé êîìïàíèè, íà÷èíàåøü äóìàòü î òîì, íàñêîëüêî çàêîííû èõ äåéñòâèÿ è ñòîèò ëè èì ïëàòèòü? Èìååò ëè áàíê ïðàâî «ïîäêëþ÷èòü» ê ðàáîòå 3-õ ëèö, åñëè ïðîöåññ âçûñêàíèÿ ñòàíåò ýôôåêòèâíåå?],
	expected [http://dev2.mycredit.com.ua/ru/blog/gde-vzyat-kredit-studentam-na-obuchenie/] but found [http://dev2.mycredit.com.ua/ru/blog/kak-ne-platit-kredit-kollektoram-v-ukraine/]
	at Tests.BlogTest.TestAboutShare78(BlogTest.java:1031)
... Removed 36 stack frames</div></td></tr></table><p class="totop"><a href="#summary">back to summary</a></p><h3 id="m48">Tests.BlogTest#TestAboutShare79</h3><table class="result"><tr><th>Exception</th></tr><tr><td><div class="stacktrace">java.lang.AssertionError: The following asserts failed:
	expected [Ñåìåñòð óíèâåðñèòåòà â Óêðàèíå ñòîèò íåäåøåâî è äàæå åñëè ðå÷ü èäåò î áþäæåòíîé ôîðìå, ðàñõîäîâ íå èçáåæàòü: êàíöåëÿðèÿ, ó÷åáíèêè, àðåíäà æèëüÿ, îïëàòà êóðñîâ è äàæå ïðîåçä äîìîé. Ãäå âçÿòü äåíüãè è ÷òî äåëàòü, åñëè îíè íóæíû óæå ñåãîäíÿ?] but found [Êîãäà íà÷èíàþò çâîíèòü ñîòðóäíèêè êîëëåêòîðñêîé êîìïàíèè, íà÷èíàåøü äóìàòü î òîì, íàñêîëüêî çàêîííû èõ äåéñòâèÿ è ñòîèò ëè èì ïëàòèòü? Èìååò ëè áàíê ïðàâî «ïîäêëþ÷èòü» ê ðàáîòå 3-õ ëèö, åñëè ïðîöåññ âçûñêàíèÿ ñòàíåò ýôôåêòèâíåå?],
	expected [http://dev2.mycredit.com.ua/ru/blog/gde-vzyat-kredit-studentam-na-obuchenie/] but found [http://dev2.mycredit.com.ua/ru/blog/kak-ne-platit-kredit-kollektoram-v-ukraine/]
	at Tests.BlogTest.TestAboutShare79(BlogTest.java:1051)
... Removed 36 stack frames</div></td></tr></table><p class="totop"><a href="#summary">back to summary</a></p><h3 id="m49">Tests.BlogTest#TestAboutShare8</h3><table class="result"><tr><th>Exception</th></tr><tr><td><div class="stacktrace">java.lang.AssertionError: The following asserts failed:
	expected [Ñåìåñòð óíèâåðñèòåòà â Óêðàèíå ñòîèò íåäåøåâî è äàæå åñëè ðå÷ü èäåò î áþäæåòíîé ôîðìå, ðàñõîäîâ íå èçáåæàòü: êàíöåëÿðèÿ, ó÷åáíèêè, àðåíäà æèëüÿ, îïëàòà êóðñîâ è äàæå ïðîåçä äîìîé. Ãäå âçÿòü äåíüãè è ÷òî äåëàòü, åñëè îíè íóæíû óæå ñåãîäíÿ?] but found [Êîãäà íà÷èíàþò çâîíèòü ñîòðóäíèêè êîëëåêòîðñêîé êîìïàíèè, íà÷èíàåøü äóìàòü î òîì, íàñêîëüêî çàêîííû èõ äåéñòâèÿ è ñòîèò ëè èì ïëàòèòü? Èìååò ëè áàíê ïðàâî «ïîäêëþ÷èòü» ê ðàáîòå 3-õ ëèö, åñëè ïðîöåññ âçûñêàíèÿ ñòàíåò ýôôåêòèâíåå?],
	expected [http://dev2.mycredit.com.ua/ru/blog/gde-vzyat-kredit-studentam-na-obuchenie/] but found [http://dev2.mycredit.com.ua/ru/blog/kak-ne-platit-kredit-kollektoram-v-ukraine/]
	at Tests.BlogTest.TestAboutShare8(BlogTest.java:162)
... Removed 36 stack frames</div></td></tr></table><p class="totop"><a href="#summary">back to summary</a></p><h3 id="m50">Tests.BlogTest#TestAboutShare80</h3><table class="result"><tr><th>Exception</th></tr><tr><td><div class="stacktrace">java.lang.AssertionError: The following asserts failed:
	expected [Ñåìåñòð óíèâåðñèòåòà â Óêðàèíå ñòîèò íåäåøåâî è äàæå åñëè ðå÷ü èäåò î áþäæåòíîé ôîðìå, ðàñõîäîâ íå èçáåæàòü: êàíöåëÿðèÿ, ó÷åáíèêè, àðåíäà æèëüÿ, îïëàòà êóðñîâ è äàæå ïðîåçä äîìîé. Ãäå âçÿòü äåíüãè è ÷òî äåëàòü, åñëè îíè íóæíû óæå ñåãîäíÿ?] but found [Êîãäà íà÷èíàþò çâîíèòü ñîòðóäíèêè êîëëåêòîðñêîé êîìïàíèè, íà÷èíàåøü äóìàòü î òîì, íàñêîëüêî çàêîííû èõ äåéñòâèÿ è ñòîèò ëè èì ïëàòèòü? Èìååò ëè áàíê ïðàâî «ïîäêëþ÷èòü» ê ðàáîòå 3-õ ëèö, åñëè ïðîöåññ âçûñêàíèÿ ñòàíåò ýôôåêòèâíåå?],
	expected [http://dev2.mycredit.com.ua/ru/blog/gde-vzyat-kredit-studentam-na-obuchenie/] but found [http://dev2.mycredit.com.ua/ru/blog/kak-ne-platit-kredit-kollektoram-v-ukraine/]
	at Tests.BlogTest.TestAboutShare80(BlogTest.java:1062)
... Removed 36 stack frames</div></td></tr></table><p class="totop"><a href="#summary">back to summary</a></p><h3 id="m51">Tests.BlogTest#TestAboutShare81</h3><table class="result"><tr><th>Exception</th></tr><tr><td><div class="stacktrace">java.lang.AssertionError: The following asserts failed:
	expected [Ñåìåñòð óíèâåðñèòåòà â Óêðàèíå ñòîèò íåäåøåâî è äàæå åñëè ðå÷ü èäåò î áþäæåòíîé ôîðìå, ðàñõîäîâ íå èçáåæàòü: êàíöåëÿðèÿ, ó÷åáíèêè, àðåíäà æèëüÿ, îïëàòà êóðñîâ è äàæå ïðîåçä äîìîé. Ãäå âçÿòü äåíüãè è ÷òî äåëàòü, åñëè îíè íóæíû óæå ñåãîäíÿ?] but found [Êîãäà íà÷èíàþò çâîíèòü ñîòðóäíèêè êîëëåêòîðñêîé êîìïàíèè, íà÷èíàåøü äóìàòü î òîì, íàñêîëüêî çàêîííû èõ äåéñòâèÿ è ñòîèò ëè èì ïëàòèòü? Èìååò ëè áàíê ïðàâî «ïîäêëþ÷èòü» ê ðàáîòå 3-õ ëèö, åñëè ïðîöåññ âçûñêàíèÿ ñòàíåò ýôôåêòèâíåå?],
	expected [http://dev2.mycredit.com.ua/ru/blog/gde-vzyat-kredit-studentam-na-obuchenie/] but found [http://dev2.mycredit.com.ua/ru/blog/kak-ne-platit-kredit-kollektoram-v-ukraine/]
	at Tests.BlogTest.TestAboutShare81(BlogTest.java:1073)
... Removed 36 stack frames</div></td></tr></table><p class="totop"><a href="#summary">back to summary</a></p><h3 id="m52">Tests.BlogTest#TestAboutShare82</h3><table class="result"><tr><th>Exception</th></tr><tr><td><div class="stacktrace">java.lang.AssertionError: The following asserts failed:
	expected [Ñåìåñòð óíèâåðñèòåòà â Óêðàèíå ñòîèò íåäåøåâî è äàæå åñëè ðå÷ü èäåò î áþäæåòíîé ôîðìå, ðàñõîäîâ íå èçáåæàòü: êàíöåëÿðèÿ, ó÷åáíèêè, àðåíäà æèëüÿ, îïëàòà êóðñîâ è äàæå ïðîåçä äîìîé. Ãäå âçÿòü äåíüãè è ÷òî äåëàòü, åñëè îíè íóæíû óæå ñåãîäíÿ?] but found [Êîãäà íà÷èíàþò çâîíèòü ñîòðóäíèêè êîëëåêòîðñêîé êîìïàíèè, íà÷èíàåøü äóìàòü î òîì, íàñêîëüêî çàêîííû èõ äåéñòâèÿ è ñòîèò ëè èì ïëàòèòü? Èìååò ëè áàíê ïðàâî «ïîäêëþ÷èòü» ê ðàáîòå 3-õ ëèö, åñëè ïðîöåññ âçûñêàíèÿ ñòàíåò ýôôåêòèâíåå?],
	expected [http://dev2.mycredit.com.ua/ru/blog/gde-vzyat-kredit-studentam-na-obuchenie/] but found [http://dev2.mycredit.com.ua/ru/blog/kak-ne-platit-kredit-kollektoram-v-ukraine/]
	at Tests.BlogTest.TestAboutShare82(BlogTest.java:1084)
... Removed 36 stack frames</div></td></tr></table><p class="totop"><a href="#summary">back to summary</a></p><h3 id="m53">Tests.BlogTest#TestAboutShare83</h3><table class="result"><tr><th>Exception</th></tr><tr><td><div class="stacktrace">java.lang.AssertionError: The following asserts failed:
	expected [Ñåìåñòð óíèâåðñèòåòà â Óêðàèíå ñòîèò íåäåøåâî è äàæå åñëè ðå÷ü èäåò î áþäæåòíîé ôîðìå, ðàñõîäîâ íå èçáåæàòü: êàíöåëÿðèÿ, ó÷åáíèêè, àðåíäà æèëüÿ, îïëàòà êóðñîâ è äàæå ïðîåçä äîìîé. Ãäå âçÿòü äåíüãè è ÷òî äåëàòü, åñëè îíè íóæíû óæå ñåãîäíÿ?] but found [Êîãäà íà÷èíàþò çâîíèòü ñîòðóäíèêè êîëëåêòîðñêîé êîìïàíèè, íà÷èíàåøü äóìàòü î òîì, íàñêîëüêî çàêîííû èõ äåéñòâèÿ è ñòîèò ëè èì ïëàòèòü? Èìååò ëè áàíê ïðàâî «ïîäêëþ÷èòü» ê ðàáîòå 3-õ ëèö, åñëè ïðîöåññ âçûñêàíèÿ ñòàíåò ýôôåêòèâíåå?],
	expected [http://dev2.mycredit.com.ua/ru/blog/gde-vzyat-kredit-studentam-na-obuchenie/] but found [http://dev2.mycredit.com.ua/ru/blog/kak-ne-platit-kredit-kollektoram-v-ukraine/]
	at Tests.BlogTest.TestAboutShare83(BlogTest.java:1095)
... Removed 36 stack frames</div></td></tr></table><p class="totop"><a href="#summary">back to summary</a></p><h3 id="m54">Tests.BlogTest#TestAboutShare84</h3><table class="result"><tr><th>Exception</th></tr><tr><td><div class="stacktrace">java.lang.AssertionError: The following asserts failed:
	expected [Ñåìåñòð óíèâåðñèòåòà â Óêðàèíå ñòîèò íåäåøåâî è äàæå åñëè ðå÷ü èäåò î áþäæåòíîé ôîðìå, ðàñõîäîâ íå èçáåæàòü: êàíöåëÿðèÿ, ó÷åáíèêè, àðåíäà æèëüÿ, îïëàòà êóðñîâ è äàæå ïðîåçä äîìîé. Ãäå âçÿòü äåíüãè è ÷òî äåëàòü, åñëè îíè íóæíû óæå ñåãîäíÿ?] but found [Êîãäà íà÷èíàþò çâîíèòü ñîòðóäíèêè êîëëåêòîðñêîé êîìïàíèè, íà÷èíàåøü äóìàòü î òîì, íàñêîëüêî çàêîííû èõ äåéñòâèÿ è ñòîèò ëè èì ïëàòèòü? Èìååò ëè áàíê ïðàâî «ïîäêëþ÷èòü» ê ðàáîòå 3-õ ëèö, åñëè ïðîöåññ âçûñêàíèÿ ñòàíåò ýôôåêòèâíåå?],
	expected [http://dev2.mycredit.com.ua/ru/blog/gde-vzyat-kredit-studentam-na-obuchenie/] but found [http://dev2.mycredit.com.ua/ru/blog/kak-ne-platit-kredit-kollektoram-v-ukraine/]
	at Tests.BlogTest.TestAboutShare84(BlogTest.java:1106)
... Removed 36 stack frames</div></td></tr></table><p class="totop"><a href="#summary">back to summary</a></p><h3 id="m55">Tests.BlogTest#TestAboutShare9</h3><table class="result"><tr><th>Exception</th></tr><tr><td><div class="stacktrace">java.lang.AssertionError: The following asserts failed:
	expected [Ñåìåñòð óíèâåðñèòåòà â Óêðàèíå ñòîèò íåäåøåâî è äàæå åñëè ðå÷ü èäåò î áþäæåòíîé ôîðìå, ðàñõîäîâ íå èçáåæàòü: êàíöåëÿðèÿ, ó÷åáíèêè, àðåíäà æèëüÿ, îïëàòà êóðñîâ è äàæå ïðîåçä äîìîé. Ãäå âçÿòü äåíüãè è ÷òî äåëàòü, åñëè îíè íóæíû óæå ñåãîäíÿ?] but found [Êîãäà íà÷èíàþò çâîíèòü ñîòðóäíèêè êîëëåêòîðñêîé êîìïàíèè, íà÷èíàåøü äóìàòü î òîì, íàñêîëüêî çàêîííû èõ äåéñòâèÿ è ñòîèò ëè èì ïëàòèòü? Èìååò ëè áàíê ïðàâî «ïîäêëþ÷èòü» ê ðàáîòå 3-õ ëèö, åñëè ïðîöåññ âçûñêàíèÿ ñòàíåò ýôôåêòèâíåå?],
	expected [http://dev2.mycredit.com.ua/ru/blog/gde-vzyat-kredit-studentam-na-obuchenie/] but found [http://dev2.mycredit.com.ua/ru/blog/kak-ne-platit-kredit-kollektoram-v-ukraine/]
	at Tests.BlogTest.TestAboutShare9(BlogTest.java:173)
... Removed 36 stack frames</div></td></tr></table><p class="totop"><a href="#summary">back to summary</a></p><h3 id="m56">Tests.BlogTest#TestButtonEight</h3><table class="result"><tr><th>Exception</th></tr><tr><td><div class="stacktrace">java.lang.AssertionError: The following asserts failed:
	expected [Ñåìåñòð óíèâåðñèòåòà â Óêðàèíå ñòîèò íåäåøåâî è äàæå åñëè ðå÷ü èäåò î áþäæåòíîé ôîðìå, ðàñõîäîâ íå èçáåæàòü: êàíöåëÿðèÿ, ó÷åáíèêè, àðåíäà æèëüÿ, îïëàòà êóðñîâ è äàæå ïðîåçä äîìîé. Ãäå âçÿòü äåíüãè è ÷òî äåëàòü, åñëè îíè íóæíû óæå ñåãîäíÿ?] but found [Êîãäà íà÷èíàþò çâîíèòü ñîòðóäíèêè êîëëåêòîðñêîé êîìïàíèè, íà÷èíàåøü äóìàòü î òîì, íàñêîëüêî çàêîííû èõ äåéñòâèÿ è ñòîèò ëè èì ïëàòèòü? Èìååò ëè áàíê ïðàâî «ïîäêëþ÷èòü» ê ðàáîòå 3-õ ëèö, åñëè ïðîöåññ âçûñêàíèÿ ñòàíåò ýôôåêòèâíåå?],
	expected [http://dev2.mycredit.com.ua/ru/blog/gde-vzyat-kredit-studentam-na-obuchenie/] but found [http://dev2.mycredit.com.ua/ru/blog/kak-ne-platit-kredit-kollektoram-v-ukraine/]
	at Tests.BlogTest.TestButtonEight(BlogTest.java:590)
... Removed 36 stack frames</div></td></tr></table><p class="totop"><a href="#summary">back to summary</a></p><h3 id="m57">Tests.BlogTest#TestButtonEleven</h3><table class="result"><tr><th>Exception</th></tr><tr><td><div class="stacktrace">java.lang.AssertionError: The following asserts failed:
	expected [Ñåìåñòð óíèâåðñèòåòà â Óêðàèíå ñòîèò íåäåøåâî è äàæå åñëè ðå÷ü èäåò î áþäæåòíîé ôîðìå, ðàñõîäîâ íå èçáåæàòü: êàíöåëÿðèÿ, ó÷åáíèêè, àðåíäà æèëüÿ, îïëàòà êóðñîâ è äàæå ïðîåçä äîìîé. Ãäå âçÿòü äåíüãè è ÷òî äåëàòü, åñëè îíè íóæíû óæå ñåãîäíÿ?] but found [Êîãäà íà÷èíàþò çâîíèòü ñîòðóäíèêè êîëëåêòîðñêîé êîìïàíèè, íà÷èíàåøü äóìàòü î òîì, íàñêîëüêî çàêîííû èõ äåéñòâèÿ è ñòîèò ëè èì ïëàòèòü? Èìååò ëè áàíê ïðàâî «ïîäêëþ÷èòü» ê ðàáîòå 3-õ ëèö, åñëè ïðîöåññ âçûñêàíèÿ ñòàíåò ýôôåêòèâíåå?],
	expected [http://dev2.mycredit.com.ua/ru/blog/gde-vzyat-kredit-studentam-na-obuchenie/] but found [http://dev2.mycredit.com.ua/ru/blog/kak-ne-platit-kredit-kollektoram-v-ukraine/]
	at Tests.BlogTest.TestButtonEleven(BlogTest.java:815)
... Removed 36 stack frames</div></td></tr></table><p class="totop"><a href="#summary">back to summary</a></p><h3 id="m58">Tests.BlogTest#TestButtonFive</h3><table class="result"><tr><th>Exception</th></tr><tr><td><div class="stacktrace">java.lang.AssertionError: The following asserts failed:
	expected [Ñåìåñòð óíèâåðñèòåòà â Óêðàèíå ñòîèò íåäåøåâî è äàæå åñëè ðå÷ü èäåò î áþäæåòíîé ôîðìå, ðàñõîäîâ íå èçáåæàòü: êàíöåëÿðèÿ, ó÷åáíèêè, àðåíäà æèëüÿ, îïëàòà êóðñîâ è äàæå ïðîåçä äîìîé. Ãäå âçÿòü äåíüãè è ÷òî äåëàòü, åñëè îíè íóæíû óæå ñåãîäíÿ?] but found [Êîãäà íà÷èíàþò çâîíèòü ñîòðóäíèêè êîëëåêòîðñêîé êîìïàíèè, íà÷èíàåøü äóìàòü î òîì, íàñêîëüêî çàêîííû èõ äåéñòâèÿ è ñòîèò ëè èì ïëàòèòü? Èìååò ëè áàíê ïðàâî «ïîäêëþ÷èòü» ê ðàáîòå 3-õ ëèö, åñëè ïðîöåññ âçûñêàíèÿ ñòàíåò ýôôåêòèâíåå?],
	expected [http://dev2.mycredit.com.ua/ru/blog/gde-vzyat-kredit-studentam-na-obuchenie/] but found [http://dev2.mycredit.com.ua/ru/blog/kak-ne-platit-kredit-kollektoram-v-ukraine/]
	at Tests.BlogTest.TestButtonFive(BlogTest.java:365)
... Removed 36 stack frames</div></td></tr></table><p class="totop"><a href="#summary">back to summary</a></p><h3 id="m59">Tests.BlogTest#TestButtonFour</h3><table class="result"><tr><th>Exception</th></tr><tr><td><div class="stacktrace">java.lang.AssertionError: The following asserts failed:
	expected [Ñåìåñòð óíèâåðñèòåòà â Óêðàèíå ñòîèò íåäåøåâî è äàæå åñëè ðå÷ü èäåò î áþäæåòíîé ôîðìå, ðàñõîäîâ íå èçáåæàòü: êàíöåëÿðèÿ, ó÷åáíèêè, àðåíäà æèëüÿ, îïëàòà êóðñîâ è äàæå ïðîåçä äîìîé. Ãäå âçÿòü äåíüãè è ÷òî äåëàòü, åñëè îíè íóæíû óæå ñåãîäíÿ?] but found [Êîãäà íà÷èíàþò çâîíèòü ñîòðóäíèêè êîëëåêòîðñêîé êîìïàíèè, íà÷èíàåøü äóìàòü î òîì, íàñêîëüêî çàêîííû èõ äåéñòâèÿ è ñòîèò ëè èì ïëàòèòü? Èìååò ëè áàíê ïðàâî «ïîäêëþ÷èòü» ê ðàáîòå 3-õ ëèö, åñëè ïðîöåññ âçûñêàíèÿ ñòàíåò ýôôåêòèâíåå?],
	expected [http://dev2.mycredit.com.ua/ru/blog/gde-vzyat-kredit-studentam-na-obuchenie/] but found [http://dev2.mycredit.com.ua/ru/blog/kak-ne-platit-kredit-kollektoram-v-ukraine/]
	at Tests.BlogTest.TestButtonFour(BlogTest.java:290)
... Removed 36 stack frames</div></td></tr></table><p class="totop"><a href="#summary">back to summary</a></p><h3 id="m60">Tests.BlogTest#TestButtonFourteen</h3><table class="result"><tr><th>Exception</th></tr><tr><td><div class="stacktrace">java.lang.AssertionError: The following asserts failed:
	expected [Ñåìåñòð óíèâåðñèòåòà â Óêðàèíå ñòîèò íåäåøåâî è äàæå åñëè ðå÷ü èäåò î áþäæåòíîé ôîðìå, ðàñõîäîâ íå èçáåæàòü: êàíöåëÿðèÿ, ó÷åáíèêè, àðåíäà æèëüÿ, îïëàòà êóðñîâ è äàæå ïðîåçä äîìîé. Ãäå âçÿòü äåíüãè è ÷òî äåëàòü, åñëè îíè íóæíû óæå ñåãîäíÿ?] but found [Êîãäà íà÷èíàþò çâîíèòü ñîòðóäíèêè êîëëåêòîðñêîé êîìïàíèè, íà÷èíàåøü äóìàòü î òîì, íàñêîëüêî çàêîííû èõ äåéñòâèÿ è ñòîèò ëè èì ïëàòèòü? Èìååò ëè áàíê ïðàâî «ïîäêëþ÷èòü» ê ðàáîòå 3-õ ëèö, åñëè ïðîöåññ âçûñêàíèÿ ñòàíåò ýôôåêòèâíåå?],
	expected [http://dev2.mycredit.com.ua/ru/blog/gde-vzyat-kredit-studentam-na-obuchenie/] but found [http://dev2.mycredit.com.ua/ru/blog/kak-ne-platit-kredit-kollektoram-v-ukraine/]
	at Tests.BlogTest.TestButtonFourteen(BlogTest.java:1040)
... Removed 36 stack frames</div></td></tr></table><p class="totop"><a href="#summary">back to summary</a></p><h3 id="m61">Tests.BlogTest#TestButtonNine</h3><table class="result"><tr><th>Exception</th></tr><tr><td><div class="stacktrace">java.lang.AssertionError: The following asserts failed:
	expected [Ñåìåñòð óíèâåðñèòåòà â Óêðàèíå ñòîèò íåäåøåâî è äàæå åñëè ðå÷ü èäåò î áþäæåòíîé ôîðìå, ðàñõîäîâ íå èçáåæàòü: êàíöåëÿðèÿ, ó÷åáíèêè, àðåíäà æèëüÿ, îïëàòà êóðñîâ è äàæå ïðîåçä äîìîé. Ãäå âçÿòü äåíüãè è ÷òî äåëàòü, åñëè îíè íóæíû óæå ñåãîäíÿ?] but found [Êîãäà íà÷èíàþò çâîíèòü ñîòðóäíèêè êîëëåêòîðñêîé êîìïàíèè, íà÷èíàåøü äóìàòü î òîì, íàñêîëüêî çàêîííû èõ äåéñòâèÿ è ñòîèò ëè èì ïëàòèòü? Èìååò ëè áàíê ïðàâî «ïîäêëþ÷èòü» ê ðàáîòå 3-õ ëèö, åñëè ïðîöåññ âçûñêàíèÿ ñòàíåò ýôôåêòèâíåå?],
	expected [http://dev2.mycredit.com.ua/ru/blog/gde-vzyat-kredit-studentam-na-obuchenie/] but found [http://dev2.mycredit.com.ua/ru/blog/kak-ne-platit-kredit-kollektoram-v-ukraine/]
	at Tests.BlogTest.TestButtonNine(BlogTest.java:665)
... Removed 36 stack frames</div></td></tr></table><p class="totop"><a href="#summary">back to summary</a></p><h3 id="m62">Tests.BlogTest#TestButtonSeven</h3><table class="result"><tr><th>Exception</th></tr><tr><td><div class="stacktrace">java.lang.AssertionError: The following asserts failed:
	expected [Ñåìåñòð óíèâåðñèòåòà â Óêðàèíå ñòîèò íåäåøåâî è äàæå åñëè ðå÷ü èäåò î áþäæåòíîé ôîðìå, ðàñõîäîâ íå èçáåæàòü: êàíöåëÿðèÿ, ó÷åáíèêè, àðåíäà æèëüÿ, îïëàòà êóðñîâ è äàæå ïðîåçä äîìîé. Ãäå âçÿòü äåíüãè è ÷òî äåëàòü, åñëè îíè íóæíû óæå ñåãîäíÿ?] but found [Êîãäà íà÷èíàþò çâîíèòü ñîòðóäíèêè êîëëåêòîðñêîé êîìïàíèè, íà÷èíàåøü äóìàòü î òîì, íàñêîëüêî çàêîííû èõ äåéñòâèÿ è ñòîèò ëè èì ïëàòèòü? Èìååò ëè áàíê ïðàâî «ïîäêëþ÷èòü» ê ðàáîòå 3-õ ëèö, åñëè ïðîöåññ âçûñêàíèÿ ñòàíåò ýôôåêòèâíåå?],
	expected [http://dev2.mycredit.com.ua/ru/blog/gde-vzyat-kredit-studentam-na-obuchenie/] but found [http://dev2.mycredit.com.ua/ru/blog/kak-ne-platit-kredit-kollektoram-v-ukraine/]
	at Tests.BlogTest.TestButtonSeven(BlogTest.java:515)
... Removed 36 stack frames</div></td></tr></table><p class="totop"><a href="#summary">back to summary</a></p><h3 id="m63">Tests.BlogTest#TestButtonSix</h3><table class="result"><tr><th>Exception</th></tr><tr><td><div class="stacktrace">java.lang.AssertionError: The following asserts failed:
	expected [Ñåìåñòð óíèâåðñèòåòà â Óêðàèíå ñòîèò íåäåøåâî è äàæå åñëè ðå÷ü èäåò î áþäæåòíîé ôîðìå, ðàñõîäîâ íå èçáåæàòü: êàíöåëÿðèÿ, ó÷åáíèêè, àðåíäà æèëüÿ, îïëàòà êóðñîâ è äàæå ïðîåçä äîìîé. Ãäå âçÿòü äåíüãè è ÷òî äåëàòü, åñëè îíè íóæíû óæå ñåãîäíÿ?] but found [Êîãäà íà÷èíàþò çâîíèòü ñîòðóäíèêè êîëëåêòîðñêîé êîìïàíèè, íà÷èíàåøü äóìàòü î òîì, íàñêîëüêî çàêîííû èõ äåéñòâèÿ è ñòîèò ëè èì ïëàòèòü? Èìååò ëè áàíê ïðàâî «ïîäêëþ÷èòü» ê ðàáîòå 3-õ ëèö, åñëè ïðîöåññ âçûñêàíèÿ ñòàíåò ýôôåêòèâíåå?],
	expected [http://dev2.mycredit.com.ua/ru/blog/gde-vzyat-kredit-studentam-na-obuchenie/] but found [http://dev2.mycredit.com.ua/ru/blog/kak-ne-platit-kredit-kollektoram-v-ukraine/]
	at Tests.BlogTest.TestButtonSix(BlogTest.java:440)
... Removed 36 stack frames</div></td></tr></table><p class="totop"><a href="#summary">back to summary</a></p><h3 id="m64">Tests.BlogTest#TestButtonTen</h3><table class="result"><tr><th>Exception</th></tr><tr><td><div class="stacktrace">java.lang.AssertionError: The following asserts failed:
	expected [Ñåìåñòð óíèâåðñèòåòà â Óêðàèíå ñòîèò íåäåøåâî è äàæå åñëè ðå÷ü èäåò î áþäæåòíîé ôîðìå, ðàñõîäîâ íå èçáåæàòü: êàíöåëÿðèÿ, ó÷åáíèêè, àðåíäà æèëüÿ, îïëàòà êóðñîâ è äàæå ïðîåçä äîìîé. Ãäå âçÿòü äåíüãè è ÷òî äåëàòü, åñëè îíè íóæíû óæå ñåãîäíÿ?] but found [Êîãäà íà÷èíàþò çâîíèòü ñîòðóäíèêè êîëëåêòîðñêîé êîìïàíèè, íà÷èíàåøü äóìàòü î òîì, íàñêîëüêî çàêîííû èõ äåéñòâèÿ è ñòîèò ëè èì ïëàòèòü? Èìååò ëè áàíê ïðàâî «ïîäêëþ÷èòü» ê ðàáîòå 3-õ ëèö, åñëè ïðîöåññ âçûñêàíèÿ ñòàíåò ýôôåêòèâíåå?],
	expected [http://dev2.mycredit.com.ua/ru/blog/gde-vzyat-kredit-studentam-na-obuchenie/] but found [http://dev2.mycredit.com.ua/ru/blog/kak-ne-platit-kredit-kollektoram-v-ukraine/]
	at Tests.BlogTest.TestButtonTen(BlogTest.java:740)
... Removed 36 stack frames</div></td></tr></table><p class="totop"><a href="#summary">back to summary</a></p><h3 id="m65">Tests.BlogTest#TestButtonThirteen</h3><table class="result"><tr><th>Exception</th></tr><tr><td><div class="stacktrace">java.lang.AssertionError: The following asserts failed:
	expected [Ñåìåñòð óíèâåðñèòåòà â Óêðàèíå ñòîèò íåäåøåâî è äàæå åñëè ðå÷ü èäåò î áþäæåòíîé ôîðìå, ðàñõîäîâ íå èçáåæàòü: êàíöåëÿðèÿ, ó÷åáíèêè, àðåíäà æèëüÿ, îïëàòà êóðñîâ è äàæå ïðîåçä äîìîé. Ãäå âçÿòü äåíüãè è ÷òî äåëàòü, åñëè îíè íóæíû óæå ñåãîäíÿ?] but found [Êîãäà íà÷èíàþò çâîíèòü ñîòðóäíèêè êîëëåêòîðñêîé êîìïàíèè, íà÷èíàåøü äóìàòü î òîì, íàñêîëüêî çàêîííû èõ äåéñòâèÿ è ñòîèò ëè èì ïëàòèòü? Èìååò ëè áàíê ïðàâî «ïîäêëþ÷èòü» ê ðàáîòå 3-õ ëèö, åñëè ïðîöåññ âçûñêàíèÿ ñòàíåò ýôôåêòèâíåå?],
	expected [http://dev2.mycredit.com.ua/ru/blog/gde-vzyat-kredit-studentam-na-obuchenie/] but found [http://dev2.mycredit.com.ua/ru/blog/kak-ne-platit-kredit-kollektoram-v-ukraine/]
	at Tests.BlogTest.TestButtonThirteen(BlogTest.java:965)
... Removed 36 stack frames</div></td></tr></table><p class="totop"><a href="#summary">back to summary</a></p><h3 id="m66">Tests.BlogTest#TestButtonThree</h3><table class="result"><tr><th>Exception</th></tr><tr><td><div class="stacktrace">java.lang.AssertionError: The following asserts failed:
	expected [Ñåìåñòð óíèâåðñèòåòà â Óêðàèíå ñòîèò íåäåøåâî è äàæå åñëè ðå÷ü èäåò î áþäæåòíîé ôîðìå, ðàñõîäîâ íå èçáåæàòü: êàíöåëÿðèÿ, ó÷åáíèêè, àðåíäà æèëüÿ, îïëàòà êóðñîâ è äàæå ïðîåçä äîìîé. Ãäå âçÿòü äåíüãè è ÷òî äåëàòü, åñëè îíè íóæíû óæå ñåãîäíÿ?] but found [Êîãäà íà÷èíàþò çâîíèòü ñîòðóäíèêè êîëëåêòîðñêîé êîìïàíèè, íà÷èíàåøü äóìàòü î òîì, íàñêîëüêî çàêîííû èõ äåéñòâèÿ è ñòîèò ëè èì ïëàòèòü? Èìååò ëè áàíê ïðàâî «ïîäêëþ÷èòü» ê ðàáîòå 3-õ ëèö, åñëè ïðîöåññ âçûñêàíèÿ ñòàíåò ýôôåêòèâíåå?],
	expected [http://dev2.mycredit.com.ua/ru/blog/gde-vzyat-kredit-studentam-na-obuchenie/] but found [http://dev2.mycredit.com.ua/ru/blog/kak-ne-platit-kredit-kollektoram-v-ukraine/]
	at Tests.BlogTest.TestButtonThree(BlogTest.java:215)
... Removed 36 stack frames</div></td></tr></table><p class="totop"><a href="#summary">back to summary</a></p><h3 id="m67">Tests.BlogTest#TestButtonTwelwe</h3><table class="result"><tr><th>Exception</th></tr><tr><td><div class="stacktrace">java.lang.AssertionError: The following asserts failed:
	expected [Ñåìåñòð óíèâåðñèòåòà â Óêðàèíå ñòîèò íåäåøåâî è äàæå åñëè ðå÷ü èäåò î áþäæåòíîé ôîðìå, ðàñõîäîâ íå èçáåæàòü: êàíöåëÿðèÿ, ó÷åáíèêè, àðåíäà æèëüÿ, îïëàòà êóðñîâ è äàæå ïðîåçä äîìîé. Ãäå âçÿòü äåíüãè è ÷òî äåëàòü, åñëè îíè íóæíû óæå ñåãîäíÿ?] but found [Êîãäà íà÷èíàþò çâîíèòü ñîòðóäíèêè êîëëåêòîðñêîé êîìïàíèè, íà÷èíàåøü äóìàòü î òîì, íàñêîëüêî çàêîííû èõ äåéñòâèÿ è ñòîèò ëè èì ïëàòèòü? Èìååò ëè áàíê ïðàâî «ïîäêëþ÷èòü» ê ðàáîòå 3-õ ëèö, åñëè ïðîöåññ âçûñêàíèÿ ñòàíåò ýôôåêòèâíåå?],
	expected [http://dev2.mycredit.com.ua/ru/blog/gde-vzyat-kredit-studentam-na-obuchenie/] but found [http://dev2.mycredit.com.ua/ru/blog/kak-ne-platit-kredit-kollektoram-v-ukraine/]
	at Tests.BlogTest.TestButtonTwelwe(BlogTest.java:890)
... Removed 36 stack frames</div></td></tr></table><p class="totop"><a href="#summary">back to summary</a></p><h3 id="m68">Tests.BlogTest#TestButtonTwo</h3><table class="result"><tr><th>Exception</th></tr><tr><td><div class="stacktrace">java.lang.AssertionError: The following asserts failed:
	expected [Ñåìåñòð óíèâåðñèòåòà â Óêðàèíå ñòîèò íåäåøåâî è äàæå åñëè ðå÷ü èäåò î áþäæåòíîé ôîðìå, ðàñõîäîâ íå èçáåæàòü: êàíöåëÿðèÿ, ó÷åáíèêè, àðåíäà æèëüÿ, îïëàòà êóðñîâ è äàæå ïðîåçä äîìîé. Ãäå âçÿòü äåíüãè è ÷òî äåëàòü, åñëè îíè íóæíû óæå ñåãîäíÿ?] but found [Êîãäà íà÷èíàþò çâîíèòü ñîòðóäíèêè êîëëåêòîðñêîé êîìïàíèè, íà÷èíàåøü äóìàòü î òîì, íàñêîëüêî çàêîííû èõ äåéñòâèÿ è ñòîèò ëè èì ïëàòèòü? Èìååò ëè áàíê ïðàâî «ïîäêëþ÷èòü» ê ðàáîòå 3-õ ëèö, åñëè ïðîöåññ âçûñêàíèÿ ñòàíåò ýôôåêòèâíåå?],
	expected [http://dev2.mycredit.com.ua/ru/blog/gde-vzyat-kredit-studentam-na-obuchenie/] but found [http://dev2.mycredit.com.ua/ru/blog/kak-ne-platit-kredit-kollektoram-v-ukraine/]
	at Tests.BlogTest.TestButtonTwo(BlogTest.java:140)
... Removed 36 stack frames</div></td></tr></table><p class="totop"><a href="#summary">back to summary</a></p><h3 id="m69">Tests.BlogTest#TestButtonsbar</h3><table class="result"><tr><th>Exception</th></tr><tr><td><div class="stacktrace">java.lang.AssertionError: The following asserts failed:
	expected [Ñåìåñòð óíèâåðñèòåòà â Óêðàèíå ñòîèò íåäåøåâî è äàæå åñëè ðå÷ü èäåò î áþäæåòíîé ôîðìå, ðàñõîäîâ íå èçáåæàòü: êàíöåëÿðèÿ, ó÷åáíèêè, àðåíäà æèëüÿ, îïëàòà êóðñîâ è äàæå ïðîåçä äîìîé. Ãäå âçÿòü äåíüãè è ÷òî äåëàòü, åñëè îíè íóæíû óæå ñåãîäíÿ?] but found [Êîãäà íà÷èíàþò çâîíèòü ñîòðóäíèêè êîëëåêòîðñêîé êîìïàíèè, íà÷èíàåøü äóìàòü î òîì, íàñêîëüêî çàêîííû èõ äåéñòâèÿ è ñòîèò ëè èì ïëàòèòü? Èìååò ëè áàíê ïðàâî «ïîäêëþ÷èòü» ê ðàáîòå 3-õ ëèö, åñëè ïðîöåññ âçûñêàíèÿ ñòàíåò ýôôåêòèâíåå?],
	expected [http://dev2.mycredit.com.ua/ru/blog/gde-vzyat-kredit-studentam-na-obuchenie/] but found [http://dev2.mycredit.com.ua/ru/blog/kak-ne-platit-kredit-kollektoram-v-ukraine/]
	at Tests.BlogTest.TestButtonsbar(BlogTest.java:131)
... Removed 36 stack frames</div></td></tr></table><p class="totop"><a href="#summary">back to summary</a></p><h3 id="m70">Tests.BlogTest#TestCalculator</h3><table class="result"><tr><th>Exception</th></tr><tr><td><div class="stacktrace">java.lang.AssertionError: The following asserts failed:
	expected [Ñåìåñòð óíèâåðñèòåòà â Óêðàèíå ñòîèò íåäåøåâî è äàæå åñëè ðå÷ü èäåò î áþäæåòíîé ôîðìå, ðàñõîäîâ íå èçáåæàòü: êàíöåëÿðèÿ, ó÷åáíèêè, àðåíäà æèëüÿ, îïëàòà êóðñîâ è äàæå ïðîåçä äîìîé. Ãäå âçÿòü äåíüãè è ÷òî äåëàòü, åñëè îíè íóæíû óæå ñåãîäíÿ?] but found [Êîãäà íà÷èíàþò çâîíèòü ñîòðóäíèêè êîëëåêòîðñêîé êîìïàíèè, íà÷èíàåøü äóìàòü î òîì, íàñêîëüêî çàêîííû èõ äåéñòâèÿ è ñòîèò ëè èì ïëàòèòü? Èìååò ëè áàíê ïðàâî «ïîäêëþ÷èòü» ê ðàáîòå 3-õ ëèö, åñëè ïðîöåññ âçûñêàíèÿ ñòàíåò ýôôåêòèâíåå?],
	expected [http://dev2.mycredit.com.ua/ru/blog/gde-vzyat-kredit-studentam-na-obuchenie/] but found [http://dev2.mycredit.com.ua/ru/blog/kak-ne-platit-kredit-kollektoram-v-ukraine/]
	at Tests.BlogTest.TestCalculator(BlogTest.java:1215)
... Removed 36 stack frames</div></td></tr></table><p class="totop"><a href="#summary">back to summary</a></p><h3 id="m71">Tests.BlogTest#TestShareSitebar</h3><table class="result"><tr><th>Exception</th></tr><tr><td><div class="stacktrace">java.lang.AssertionError: The following asserts failed:
	expected [Ñåìåñòð óíèâåðñèòåòà â Óêðàèíå ñòîèò íåäåøåâî è äàæå åñëè ðå÷ü èäåò î áþäæåòíîé ôîðìå, ðàñõîäîâ íå èçáåæàòü: êàíöåëÿðèÿ, ó÷åáíèêè, àðåíäà æèëüÿ, îïëàòà êóðñîâ è äàæå ïðîåçä äîìîé. Ãäå âçÿòü äåíüãè è ÷òî äåëàòü, åñëè îíè íóæíû óæå ñåãîäíÿ?] but found [Êîãäà íà÷èíàþò çâîíèòü ñîòðóäíèêè êîëëåêòîðñêîé êîìïàíèè, íà÷èíàåøü äóìàòü î òîì, íàñêîëüêî çàêîííû èõ äåéñòâèÿ è ñòîèò ëè èì ïëàòèòü? Èìååò ëè áàíê ïðàâî «ïîäêëþ÷èòü» ê ðàáîòå 3-õ ëèö, åñëè ïðîöåññ âçûñêàíèÿ ñòàíåò ýôôåêòèâíåå?],
	expected [http://dev2.mycredit.com.ua/ru/blog/gde-vzyat-kredit-studentam-na-obuchenie/] but found [http://dev2.mycredit.com.ua/ru/blog/kak-ne-platit-kredit-kollektoram-v-ukraine/]
	at Tests.BlogTest.TestShareSitebar(BlogTest.java:1204)
... Removed 36 stack frames</div></td></tr></table><p class="totop"><a href="#summary">back to summary</a></p><h3 id="m72">Tests.BlogTest#TestSharesHeader</h3><table class="result"><tr><th>Exception</th></tr><tr><td><div class="stacktrace">java.lang.AssertionError: The following asserts failed:
	expected [Ñåìåñòð óíèâåðñèòåòà â Óêðàèíå ñòîèò íåäåøåâî è äàæå åñëè ðå÷ü èäåò î áþäæåòíîé ôîðìå, ðàñõîäîâ íå èçáåæàòü: êàíöåëÿðèÿ, ó÷åáíèêè, àðåíäà æèëüÿ, îïëàòà êóðñîâ è äàæå ïðîåçä äîìîé. Ãäå âçÿòü äåíüãè è ÷òî äåëàòü, åñëè îíè íóæíû óæå ñåãîäíÿ?] but found [Êîãäà íà÷èíàþò çâîíèòü ñîòðóäíèêè êîëëåêòîðñêîé êîìïàíèè, íà÷èíàåøü äóìàòü î òîì, íàñêîëüêî çàêîííû èõ äåéñòâèÿ è ñòîèò ëè èì ïëàòèòü? Èìååò ëè áàíê ïðàâî «ïîäêëþ÷èòü» ê ðàáîòå 3-õ ëèö, åñëè ïðîöåññ âçûñêàíèÿ ñòàíåò ýôôåêòèâíåå?],
	expected [http://dev2.mycredit.com.ua/ru/blog/gde-vzyat-kredit-studentam-na-obuchenie/] but found [http://dev2.mycredit.com.ua/ru/blog/kak-ne-platit-kredit-kollektoram-v-ukraine/]
	at Tests.BlogTest.TestSharesHeader(BlogTest.java:42)
... Removed 36 stack frames</div></td></tr></table><p class="totop"><a href="#summary">back to summary</a></p><h3 id="m73">Tests.BlogTest#TestAboutShare1</h3><table class="result"></table><p class="totop"><a href="#summary">back to summary</a></p><h3 id="m74">Tests.BlogTest#TestAboutShare10</h3><table class="result"></table><p class="totop"><a href="#summary">back to summary</a></p><h3 id="m75">Tests.BlogTest#TestAboutShare11</h3><table class="result"></table><p class="totop"><a href="#summary">back to summary</a></p><h3 id="m76">Tests.BlogTest#TestAboutShare12</h3><table class="result"></table><p class="totop"><a href="#summary">back to summary</a></p><h3 id="m77">Tests.BlogTest#TestAboutShare13</h3><table class="result"></table><p class="totop"><a href="#summary">back to summary</a></p><h3 id="m78">Tests.BlogTest#TestAboutShare14</h3><table class="result"></table><p class="totop"><a href="#summary">back to summary</a></p><h3 id="m79">Tests.BlogTest#TestAboutShare15</h3><table class="result"></table><p class="totop"><a href="#summary">back to summary</a></p><h3 id="m80">Tests.BlogTest#TestAboutShare16</h3><table class="result"></table><p class="totop"><a href="#summary">back to summary</a></p><h3 id="m81">Tests.BlogTest#TestAboutShare17</h3><table class="result"></table><p class="totop"><a href="#summary">back to summary</a></p><h3 id="m82">Tests.BlogTest#TestAboutShare18</h3><table class="result"></table><p class="totop"><a href="#summary">back to summary</a></p><h3 id="m83">Tests.BlogTest#TestAboutShare19</h3><table class="result"></table><p class="totop"><a href="#summary">back to summary</a></p><h3 id="m84">Tests.BlogTest#TestAboutShare2</h3><table class="result"></table><p class="totop"><a href="#summary">back to summary</a></p><h3 id="m85">Tests.BlogTest#TestAboutShare20</h3><table class="result"></table><p class="totop"><a href="#summary">back to summary</a></p><h3 id="m86">Tests.BlogTest#TestAboutShare21</h3><table class="result"></table><p class="totop"><a href="#summary">back to summary</a></p><h3 id="m87">Tests.BlogTest#TestAboutShare22</h3><table class="result"></table><p class="totop"><a href="#summary">back to summary</a></p><h3 id="m88">Tests.BlogTest#TestAboutShare23</h3><table class="result"></table><p class="totop"><a href="#summary">back to summary</a></p><h3 id="m89">Tests.BlogTest#TestAboutShare24</h3><table class="result"></table><p class="totop"><a href="#summary">back to summary</a></p><h3 id="m90">Tests.BlogTest#TestAboutShare25</h3><table class="result"></table><p class="totop"><a href="#summary">back to summary</a></p><h3 id="m91">Tests.BlogTest#TestAboutShare26</h3><table class="result"></table><p class="totop"><a href="#summary">back to summary</a></p><h3 id="m92">Tests.BlogTest#TestAboutShare27</h3><table class="result"></table><p class="totop"><a href="#summary">back to summary</a></p><h3 id="m93">Tests.BlogTest#TestAboutShare28</h3><table class="result"></table><p class="totop"><a href="#summary">back to summary</a></p><h3 id="m94">Tests.BlogTest#TestAboutShare29</h3><table class="result"></table><p class="totop"><a href="#summary">back to summary</a></p><h3 id="m95">Tests.BlogTest#TestAboutShare3</h3><table class="result"></table><p class="totop"><a href="#summary">back to summary</a></p><h3 id="m96">Tests.BlogTest#TestAboutShare30</h3><table class="result"></table><p class="totop"><a href="#summary">back to summary</a></p><h3 id="m97">Tests.BlogTest#TestAboutShare31</h3><table class="result"></table><p class="totop"><a href="#summary">back to summary</a></p><h3 id="m98">Tests.BlogTest#TestAboutShare32</h3><table class="result"></table><p class="totop"><a href="#summary">back to summary</a></p><h3 id="m99">Tests.BlogTest#TestAboutShare33</h3><table class="result"></table><p class="totop"><a href="#summary">back to summary</a></p><h3 id="m100">Tests.BlogTest#TestAboutShare34</h3><table class="result"></table><p class="totop"><a href="#summary">back to summary</a></p><h3 id="m101">Tests.SharesTest#TestAboutShare1</h3><table class="result"></table><p class="totop"><a href="#summary">back to summary</a></p><h3 id="m102">Tests.SharesTest#TestAboutShare10</h3><table class="result"></table><p class="totop"><a href="#summary">back to summary</a></p><h3 id="m103">Tests.SharesTest#TestAboutShare11</h3><table class="result"></table><p class="totop"><a href="#summary">back to summary</a></p><h3 id="m104">Tests.SharesTest#TestAboutShare12</h3><table class="result"></table><p class="totop"><a href="#summary">back to summary</a></p><h3 id="m105">Tests.SharesTest#TestAboutShare13</h3><table class="result"></table><p class="totop"><a href="#summary">back to summary</a></p><h3 id="m106">Tests.SharesTest#TestAboutShare14</h3><table class="result"></table><p class="totop"><a href="#summary">back to summary</a></p><h3 id="m107">Tests.SharesTest#TestAboutShare15</h3><table class="result"></table><p class="totop"><a href="#summary">back to summary</a></p><h3 id="m108">Tests.SharesTest#TestAboutShare16</h3><table class="result"></table><p class="totop"><a href="#summary">back to summary</a></p><h3 id="m109">Tests.SharesTest#TestAboutShare17</h3><table class="result"></table><p class="totop"><a href="#summary">back to summary</a></p><h3 id="m110">Tests.SharesTest#TestAboutShare18</h3><table class="result"></table><p class="totop"><a href="#summary">back to summary</a></p><h3 id="m111">Tests.SharesTest#TestAboutShare19</h3><table class="result"></table><p class="totop"><a href="#summary">back to summary</a></p><h3 id="m112">Tests.SharesTest#TestAboutShare2</h3><table class="result"></table><p class="totop"><a href="#summary">back to summary</a></p><h3 id="m113">Tests.SharesTest#TestAboutShare20</h3><table class="result"></table><p class="totop"><a href="#summary">back to summary</a></p><h3 id="m114">Tests.SharesTest#TestAboutShare21</h3><table class="result"></table><p class="totop"><a href="#summary">back to summary</a></p><h3 id="m115">Tests.SharesTest#TestAboutShare3</h3><table class="result"></table><p class="totop"><a href="#summary">back to summary</a></p><h3 id="m116">Tests.SharesTest#TestAboutShare4</h3><table class="result"></table><p class="totop"><a href="#summary">back to summary</a></p><h3 id="m117">Tests.SharesTest#TestAboutShare5</h3><table class="result"></table><p class="totop"><a href="#summary">back to summary</a></p><h3 id="m118">Tests.SharesTest#TestAboutShare6</h3><table class="result"></table><p class="totop"><a href="#summary">back to summary</a></p><h3 id="m119">Tests.SharesTest#TestAboutShare7</h3><table class="result"></table><p class="totop"><a href="#summary">back to summary</a></p><h3 id="m120">Tests.SharesTest#TestAboutShare8</h3><table class="result"></table><p class="totop"><a href="#summary">back to summary</a></p><h3 id="m121">Tests.SharesTest#TestAboutShare9</h3><table class="result"></table><p class="totop"><a href="#summary">back to summary</a></p><h3 id="m122">Tests.SharesTest#TestButtonFour</h3><table class="result"></table><p class="totop"><a href="#summary">back to summary</a></p><h3 id="m123">Tests.SharesTest#TestButtonThree</h3><table class="result"></table><p class="totop"><a href="#summary">back to summary</a></p><h3 id="m124">Tests.SharesTest#TestButtonsbar</h3><table class="result"></table><p class="totop"><a href="#summary">back to summary</a></p><h3 id="m125">Tests.SharesTest#TestButtontwo</h3><table class="result"></table><p class="totop"><a href="#summary">back to summary</a></p><h3 id="m126">Tests.SharesTest#TestCalculator</h3><table class="result"></table><p class="totop"><a href="#summary">back to summary</a></p><h3 id="m127">Tests.SharesTest#TestShareSitebar</h3><table class="result"></table><p class="totop"><a href="#summary">back to summary</a></p><h3 id="m128">Tests.SharesTest#TestSharesHeader</h3><table class="result"></table><p class="totop"><a href="#summary">back to summary</a></p></body></html>